{"C:\\Training\\blogsite\\controllers\\authController.js": {"path":"C:\\Training\\blogsite\\controllers\\authController.js","statementMap":{"0":{"start":{"line":2,"column":22},"end":{"line":2,"column":37}},"1":{"start":{"line":3,"column":12},"end":{"line":3,"column":35}},"2":{"start":{"line":4,"column":21},"end":{"line":4,"column":55}},"3":{"start":{"line":5,"column":13},"end":{"line":5,"column":44}},"4":{"start":{"line":6,"column":19},"end":{"line":6,"column":53}},"5":{"start":{"line":7,"column":19},"end":{"line":7,"column":53}},"6":{"start":{"line":8,"column":17},"end":{"line":8,"column":51}},"7":{"start":{"line":9,"column":18},"end":{"line":9,"column":60}},"8":{"start":{"line":12,"column":0},"end":{"line":17,"column":2}},"9":{"start":{"line":13,"column":18},"end":{"line":15,"column":6}},"10":{"start":{"line":16,"column":4},"end":{"line":16,"column":17}},"11":{"start":{"line":19,"column":0},"end":{"line":38,"column":2}},"12":{"start":{"line":22,"column":4},"end":{"line":28,"column":5}},"13":{"start":{"line":23,"column":27},"end":{"line":23,"column":63}},"14":{"start":{"line":24,"column":8},"end":{"line":24,"column":20}},"15":{"start":{"line":26,"column":8},"end":{"line":26,"column":33}},"16":{"start":{"line":27,"column":8},"end":{"line":27,"column":71}},"17":{"start":{"line":31,"column":4},"end":{"line":35,"column":5}},"18":{"start":{"line":32,"column":8},"end":{"line":32,"column":80}},"19":{"start":{"line":34,"column":8},"end":{"line":34,"column":70}},"20":{"start":{"line":36,"column":4},"end":{"line":37,"column":24}},"21":{"start":{"line":36,"column":27},"end":{"line":36,"column":89}},"22":{"start":{"line":37,"column":9},"end":{"line":37,"column":24}},"23":{"start":{"line":40,"column":0},"end":{"line":70,"column":3}},"24":{"start":{"line":44,"column":20},"end":{"line":44,"column":57}},"25":{"start":{"line":46,"column":4},"end":{"line":50,"column":5}},"26":{"start":{"line":47,"column":8},"end":{"line":47,"column":62}},"27":{"start":{"line":49,"column":8},"end":{"line":49,"column":30}},"28":{"start":{"line":53,"column":28},"end":{"line":58,"column":6}},"29":{"start":{"line":60,"column":4},"end":{"line":69,"column":5}},"30":{"start":{"line":61,"column":8},"end":{"line":61,"column":58}},"31":{"start":{"line":64,"column":8},"end":{"line":68,"column":9}},"32":{"start":{"line":65,"column":12},"end":{"line":65,"column":66}},"33":{"start":{"line":67,"column":12},"end":{"line":67,"column":26}},"34":{"start":{"line":72,"column":0},"end":{"line":110,"column":3}},"35":{"start":{"line":76,"column":4},"end":{"line":81,"column":5}},"36":{"start":{"line":77,"column":8},"end":{"line":77,"column":25}},"37":{"start":{"line":78,"column":8},"end":{"line":78,"column":85}},"38":{"start":{"line":80,"column":8},"end":{"line":80,"column":28}},"39":{"start":{"line":84,"column":22},"end":{"line":89,"column":6}},"40":{"start":{"line":91,"column":4},"end":{"line":108,"column":5}},"41":{"start":{"line":92,"column":8},"end":{"line":92,"column":25}},"42":{"start":{"line":93,"column":8},"end":{"line":93,"column":69}},"43":{"start":{"line":96,"column":21},"end":{"line":96,"column":86}},"44":{"start":{"line":97,"column":8},"end":{"line":100,"column":32}},"45":{"start":{"line":98,"column":12},"end":{"line":98,"column":29}},"46":{"start":{"line":99,"column":12},"end":{"line":99,"column":73}},"47":{"start":{"line":100,"column":15},"end":{"line":100,"column":32}},"48":{"start":{"line":101,"column":22},"end":{"line":101,"column":68}},"49":{"start":{"line":102,"column":8},"end":{"line":107,"column":10}},"50":{"start":{"line":109,"column":4},"end":{"line":109,"column":63}},"51":{"start":{"line":112,"column":0},"end":{"line":124,"column":3}},"52":{"start":{"line":114,"column":23},"end":{"line":114,"column":59}},"53":{"start":{"line":115,"column":18},"end":{"line":115,"column":21}},"54":{"start":{"line":116,"column":17},"end":{"line":121,"column":5}},"55":{"start":{"line":122,"column":4},"end":{"line":122,"column":21}},"56":{"start":{"line":123,"column":4},"end":{"line":123,"column":63}}},"fnMap":{"0":{"name":"(anonymous_0)","decl":{"start":{"line":12,"column":19},"end":{"line":12,"column":20}},"loc":{"start":{"line":12,"column":33},"end":{"line":17,"column":1}},"line":12},"1":{"name":"(anonymous_1)","decl":{"start":{"line":19,"column":21},"end":{"line":19,"column":22}},"loc":{"start":{"line":19,"column":47},"end":{"line":38,"column":1}},"line":19},"2":{"name":"(anonymous_2)","decl":{"start":{"line":40,"column":31},"end":{"line":40,"column":32}},"loc":{"start":{"line":40,"column":57},"end":{"line":70,"column":1}},"line":40},"3":{"name":"(anonymous_3)","decl":{"start":{"line":72,"column":27},"end":{"line":72,"column":28}},"loc":{"start":{"line":72,"column":53},"end":{"line":110,"column":1}},"line":72},"4":{"name":"(anonymous_4)","decl":{"start":{"line":112,"column":28},"end":{"line":112,"column":29}},"loc":{"start":{"line":112,"column":54},"end":{"line":124,"column":1}},"line":112}},"branchMap":{"0":{"loc":{"start":{"line":22,"column":4},"end":{"line":28,"column":5}},"type":"if","locations":[{"start":{"line":22,"column":4},"end":{"line":28,"column":5}},{"start":{"line":25,"column":11},"end":{"line":28,"column":5}}],"line":22},"1":{"loc":{"start":{"line":22,"column":8},"end":{"line":22,"column":83}},"type":"binary-expr","locations":[{"start":{"line":22,"column":8},"end":{"line":22,"column":33}},{"start":{"line":22,"column":37},"end":{"line":22,"column":83}}],"line":22},"2":{"loc":{"start":{"line":36,"column":4},"end":{"line":37,"column":24}},"type":"if","locations":[{"start":{"line":36,"column":4},"end":{"line":37,"column":24}},{"start":{"line":37,"column":9},"end":{"line":37,"column":24}}],"line":36},"3":{"loc":{"start":{"line":46,"column":4},"end":{"line":50,"column":5}},"type":"if","locations":[{"start":{"line":46,"column":4},"end":{"line":50,"column":5}},{"start":{"line":48,"column":11},"end":{"line":50,"column":5}}],"line":46},"4":{"loc":{"start":{"line":46,"column":8},"end":{"line":46,"column":37}},"type":"binary-expr","locations":[{"start":{"line":46,"column":8},"end":{"line":46,"column":16}},{"start":{"line":46,"column":20},"end":{"line":46,"column":37}}],"line":46},"5":{"loc":{"start":{"line":60,"column":4},"end":{"line":69,"column":5}},"type":"if","locations":[{"start":{"line":60,"column":4},"end":{"line":69,"column":5}},{"start":{"line":62,"column":11},"end":{"line":69,"column":5}}],"line":60},"6":{"loc":{"start":{"line":64,"column":8},"end":{"line":68,"column":9}},"type":"if","locations":[{"start":{"line":64,"column":8},"end":{"line":68,"column":9}},{"start":{"line":66,"column":15},"end":{"line":68,"column":9}}],"line":64},"7":{"loc":{"start":{"line":76,"column":4},"end":{"line":81,"column":5}},"type":"if","locations":[{"start":{"line":76,"column":4},"end":{"line":81,"column":5}},{"start":{"line":79,"column":11},"end":{"line":81,"column":5}}],"line":76},"8":{"loc":{"start":{"line":76,"column":8},"end":{"line":76,"column":48}},"type":"binary-expr","locations":[{"start":{"line":76,"column":8},"end":{"line":76,"column":26}},{"start":{"line":76,"column":30},"end":{"line":76,"column":48}}],"line":76},"9":{"loc":{"start":{"line":91,"column":4},"end":{"line":108,"column":5}},"type":"if","locations":[{"start":{"line":91,"column":4},"end":{"line":108,"column":5}},{"start":{"line":94,"column":11},"end":{"line":108,"column":5}}],"line":91},"10":{"loc":{"start":{"line":97,"column":8},"end":{"line":100,"column":32}},"type":"if","locations":[{"start":{"line":97,"column":8},"end":{"line":100,"column":32}},{"start":{"line":100,"column":15},"end":{"line":100,"column":32}}],"line":97}},"s":{"0":3,"1":3,"2":3,"3":3,"4":3,"5":3,"6":3,"7":3,"8":3,"9":7,"10":7,"11":3,"12":10,"13":9,"14":9,"15":1,"16":1,"17":9,"18":9,"19":1,"20":8,"21":2,"22":6,"23":3,"24":4,"25":4,"26":1,"27":3,"28":3,"29":3,"30":1,"31":2,"32":1,"33":1,"34":3,"35":4,"36":1,"37":1,"38":3,"39":3,"40":3,"41":1,"42":1,"43":2,"44":2,"45":1,"46":1,"47":1,"48":1,"49":1,"50":1,"51":3,"52":1,"53":1,"54":1,"55":1,"56":1},"f":{"0":7,"1":10,"2":4,"3":4,"4":1},"b":{"0":[9,1],"1":[10,10],"2":[2,6],"3":[1,3],"4":[4,3],"5":[1,2],"6":[1,1],"7":[1,3],"8":[4,3],"9":[1,2],"10":[1,1]},"_coverageSchema":"1a1c01bbd47fc00a2c39e90264f33305004495a9","hash":"468a5843050d3acaac9446ff3dbf6a8068cbf428"}
,"C:\\Training\\blogsite\\controllers\\errorController.js": {"path":"C:\\Training\\blogsite\\controllers\\errorController.js","statementMap":{"0":{"start":{"line":1,"column":0},"end":{"line":38,"column":2}},"1":{"start":{"line":3,"column":17},"end":{"line":3,"column":38}},"2":{"start":{"line":7,"column":4},"end":{"line":15,"column":5}},"3":{"start":{"line":8,"column":8},"end":{"line":8,"column":25}},"4":{"start":{"line":9,"column":8},"end":{"line":9,"column":26}},"5":{"start":{"line":10,"column":11},"end":{"line":15,"column":5}},"6":{"start":{"line":11,"column":8},"end":{"line":11,"column":36}},"7":{"start":{"line":13,"column":8},"end":{"line":13,"column":25}},"8":{"start":{"line":14,"column":8},"end":{"line":14,"column":45}},"9":{"start":{"line":16,"column":4},"end":{"line":18,"column":5}},"10":{"start":{"line":17,"column":8},"end":{"line":17,"column":56}},"11":{"start":{"line":19,"column":28},"end":{"line":19,"column":65}},"12":{"start":{"line":20,"column":4},"end":{"line":20,"column":21}},"13":{"start":{"line":21,"column":4},"end":{"line":32,"column":5}},"14":{"start":{"line":21,"column":17},"end":{"line":21,"column":18}},"15":{"start":{"line":22,"column":8},"end":{"line":31,"column":9}},"16":{"start":{"line":22,"column":21},"end":{"line":22,"column":22}},"17":{"start":{"line":23,"column":12},"end":{"line":26,"column":13}},"18":{"start":{"line":24,"column":16},"end":{"line":24,"column":83}},"19":{"start":{"line":25,"column":16},"end":{"line":25,"column":22}},"20":{"start":{"line":27,"column":12},"end":{"line":30,"column":13}},"21":{"start":{"line":28,"column":16},"end":{"line":28,"column":83}},"22":{"start":{"line":29,"column":16},"end":{"line":29,"column":22}},"23":{"start":{"line":33,"column":4},"end":{"line":36,"column":7}},"24":{"start":{"line":37,"column":4},"end":{"line":37,"column":18}}},"fnMap":{"0":{"name":"(anonymous_0)","decl":{"start":{"line":1,"column":17},"end":{"line":1,"column":18}},"loc":{"start":{"line":1,"column":42},"end":{"line":38,"column":1}},"line":1}},"branchMap":{"0":{"loc":{"start":{"line":3,"column":17},"end":{"line":3,"column":38}},"type":"binary-expr","locations":[{"start":{"line":3,"column":17},"end":{"line":3,"column":27}},{"start":{"line":3,"column":31},"end":{"line":3,"column":38}}],"line":3},"1":{"loc":{"start":{"line":7,"column":4},"end":{"line":15,"column":5}},"type":"if","locations":[{"start":{"line":7,"column":4},"end":{"line":15,"column":5}},{"start":{"line":10,"column":11},"end":{"line":15,"column":5}}],"line":7},"2":{"loc":{"start":{"line":10,"column":11},"end":{"line":15,"column":5}},"type":"if","locations":[{"start":{"line":10,"column":11},"end":{"line":15,"column":5}},{"start":{"line":12,"column":11},"end":{"line":15,"column":5}}],"line":10},"3":{"loc":{"start":{"line":16,"column":4},"end":{"line":18,"column":5}},"type":"if","locations":[{"start":{"line":16,"column":4},"end":{"line":18,"column":5}},{"start":{},"end":{}}],"line":16},"4":{"loc":{"start":{"line":23,"column":12},"end":{"line":26,"column":13}},"type":"if","locations":[{"start":{"line":23,"column":12},"end":{"line":26,"column":13}},{"start":{},"end":{}}],"line":23},"5":{"loc":{"start":{"line":23,"column":16},"end":{"line":23,"column":76}},"type":"binary-expr","locations":[{"start":{"line":23,"column":16},"end":{"line":23,"column":44}},{"start":{"line":23,"column":48},"end":{"line":23,"column":76}}],"line":23},"6":{"loc":{"start":{"line":27,"column":12},"end":{"line":30,"column":13}},"type":"if","locations":[{"start":{"line":27,"column":12},"end":{"line":30,"column":13}},{"start":{},"end":{}}],"line":27},"7":{"loc":{"start":{"line":27,"column":16},"end":{"line":27,"column":76}},"type":"binary-expr","locations":[{"start":{"line":27,"column":16},"end":{"line":27,"column":44}},{"start":{"line":27,"column":48},"end":{"line":27,"column":76}}],"line":27}},"s":{"0":1,"1":4,"2":4,"3":2,"4":2,"5":2,"6":1,"7":1,"8":1,"9":4,"10":1,"11":4,"12":4,"13":4,"14":4,"15":5,"16":5,"17":4,"18":1,"19":1,"20":3,"21":2,"22":2,"23":4,"24":4},"f":{"0":4},"b":{"0":[4,3],"1":[2,2],"2":[1,1],"3":[1,3],"4":[1,3],"5":[4,1],"6":[2,1],"7":[3,2]},"_coverageSchema":"1a1c01bbd47fc00a2c39e90264f33305004495a9","hash":"1f050049912ceaa67d42909a22560d1cccda96b9"}
,"C:\\Training\\blogsite\\controllers\\storyController.js": {"path":"C:\\Training\\blogsite\\controllers\\storyController.js","statementMap":{"0":{"start":{"line":2,"column":18},"end":{"line":2,"column":60}},"1":{"start":{"line":3,"column":19},"end":{"line":3,"column":53}},"2":{"start":{"line":4,"column":22},"end":{"line":4,"column":58}},"3":{"start":{"line":8,"column":0},"end":{"line":11,"column":3}},"4":{"start":{"line":9,"column":17},"end":{"line":9,"column":66}},"5":{"start":{"line":10,"column":4},"end":{"line":10,"column":56}},"6":{"start":{"line":18,"column":0},"end":{"line":21,"column":3}},"7":{"start":{"line":19,"column":17},"end":{"line":19,"column":61}},"8":{"start":{"line":20,"column":4},"end":{"line":20,"column":56}},"9":{"start":{"line":23,"column":0},"end":{"line":26,"column":3}},"10":{"start":{"line":24,"column":17},"end":{"line":24,"column":62}},"11":{"start":{"line":25,"column":4},"end":{"line":25,"column":56}},"12":{"start":{"line":28,"column":0},"end":{"line":31,"column":3}},"13":{"start":{"line":29,"column":17},"end":{"line":29,"column":64}},"14":{"start":{"line":30,"column":4},"end":{"line":30,"column":56}},"15":{"start":{"line":33,"column":0},"end":{"line":36,"column":3}},"16":{"start":{"line":34,"column":17},"end":{"line":34,"column":64}},"17":{"start":{"line":35,"column":4},"end":{"line":35,"column":56}}},"fnMap":{"0":{"name":"(anonymous_0)","decl":{"start":{"line":8,"column":35},"end":{"line":8,"column":36}},"loc":{"start":{"line":8,"column":61},"end":{"line":11,"column":1}},"line":8},"1":{"name":"(anonymous_1)","decl":{"start":{"line":18,"column":30},"end":{"line":18,"column":31}},"loc":{"start":{"line":18,"column":56},"end":{"line":21,"column":1}},"line":18},"2":{"name":"(anonymous_2)","decl":{"start":{"line":23,"column":31},"end":{"line":23,"column":32}},"loc":{"start":{"line":23,"column":57},"end":{"line":26,"column":1}},"line":23},"3":{"name":"(anonymous_3)","decl":{"start":{"line":28,"column":33},"end":{"line":28,"column":34}},"loc":{"start":{"line":28,"column":59},"end":{"line":31,"column":1}},"line":28},"4":{"name":"(anonymous_4)","decl":{"start":{"line":33,"column":33},"end":{"line":33,"column":34}},"loc":{"start":{"line":33,"column":59},"end":{"line":36,"column":1}},"line":33}},"branchMap":{},"s":{"0":1,"1":1,"2":1,"3":1,"4":1,"5":1,"6":1,"7":1,"8":1,"9":1,"10":1,"11":1,"12":1,"13":1,"14":1,"15":1,"16":1,"17":1},"f":{"0":1,"1":1,"2":1,"3":1,"4":1},"b":{},"_coverageSchema":"1a1c01bbd47fc00a2c39e90264f33305004495a9","hash":"3dc2d203adef416aac22e768540a5db57995da4c"}
,"C:\\Training\\blogsite\\controllers\\userController.js": {"path":"C:\\Training\\blogsite\\controllers\\userController.js","statementMap":{"0":{"start":{"line":2,"column":18},"end":{"line":2,"column":60}},"1":{"start":{"line":3,"column":21},"end":{"line":3,"column":56}},"2":{"start":{"line":4,"column":19},"end":{"line":4,"column":53}},"3":{"start":{"line":8,"column":0},"end":{"line":11,"column":3}},"4":{"start":{"line":9,"column":17},"end":{"line":9,"column":63}},"5":{"start":{"line":10,"column":4},"end":{"line":10,"column":56}},"6":{"start":{"line":18,"column":0},"end":{"line":21,"column":3}},"7":{"start":{"line":19,"column":17},"end":{"line":19,"column":59}},"8":{"start":{"line":20,"column":4},"end":{"line":20,"column":56}},"9":{"start":{"line":22,"column":0},"end":{"line":25,"column":3}},"10":{"start":{"line":23,"column":17},"end":{"line":23,"column":58}},"11":{"start":{"line":24,"column":4},"end":{"line":24,"column":56}},"12":{"start":{"line":27,"column":0},"end":{"line":30,"column":3}},"13":{"start":{"line":28,"column":17},"end":{"line":28,"column":62}},"14":{"start":{"line":29,"column":4},"end":{"line":29,"column":56}},"15":{"start":{"line":32,"column":0},"end":{"line":35,"column":3}},"16":{"start":{"line":33,"column":17},"end":{"line":33,"column":62}},"17":{"start":{"line":34,"column":4},"end":{"line":34,"column":56}}},"fnMap":{"0":{"name":"(anonymous_0)","decl":{"start":{"line":8,"column":33},"end":{"line":8,"column":34}},"loc":{"start":{"line":8,"column":59},"end":{"line":11,"column":1}},"line":8},"1":{"name":"(anonymous_1)","decl":{"start":{"line":18,"column":29},"end":{"line":18,"column":30}},"loc":{"start":{"line":18,"column":55},"end":{"line":21,"column":1}},"line":18},"2":{"name":"(anonymous_2)","decl":{"start":{"line":22,"column":28},"end":{"line":22,"column":29}},"loc":{"start":{"line":22,"column":54},"end":{"line":25,"column":1}},"line":22},"3":{"name":"(anonymous_3)","decl":{"start":{"line":27,"column":32},"end":{"line":27,"column":33}},"loc":{"start":{"line":27,"column":58},"end":{"line":30,"column":1}},"line":27},"4":{"name":"(anonymous_4)","decl":{"start":{"line":32,"column":32},"end":{"line":32,"column":33}},"loc":{"start":{"line":32,"column":58},"end":{"line":35,"column":1}},"line":32}},"branchMap":{},"s":{"0":1,"1":1,"2":1,"3":1,"4":1,"5":1,"6":1,"7":1,"8":1,"9":1,"10":1,"11":1,"12":1,"13":1,"14":1,"15":1,"16":1,"17":1},"f":{"0":1,"1":1,"2":1,"3":1,"4":1},"b":{},"_coverageSchema":"1a1c01bbd47fc00a2c39e90264f33305004495a9","hash":"90d64379dea3fac8e14f0ac9a4f701ac89dc1f0e"}
,"C:\\Training\\blogsite\\database\\dbConfig.js": {"path":"C:\\Training\\blogsite\\database\\dbConfig.js","statementMap":{"0":{"start":{"line":2,"column":22},"end":{"line":2,"column":42}},"1":{"start":{"line":5,"column":11},"end":{"line":5,"column":13}},"2":{"start":{"line":7,"column":0},"end":{"line":7,"column":25}},"3":{"start":{"line":8,"column":18},"end":{"line":13,"column":2}},"4":{"start":{"line":14,"column":0},"end":{"line":14,"column":25}},"5":{"start":{"line":15,"column":0},"end":{"line":15,"column":20}}},"fnMap":{},"branchMap":{},"s":{"0":5,"1":5,"2":5,"3":5,"4":5,"5":5},"f":{},"b":{},"_coverageSchema":"1a1c01bbd47fc00a2c39e90264f33305004495a9","hash":"8e507b7ab980ccdc7ef8cbe8940c698d893d8087"}
,"C:\\Training\\blogsite\\helpers\\environments.js": {"path":"C:\\Training\\blogsite\\helpers\\environments.js","statementMap":{"0":{"start":{"line":1,"column":12},"end":{"line":1,"column":14}},"1":{"start":{"line":3,"column":0},"end":{"line":9,"column":2}},"2":{"start":{"line":11,"column":0},"end":{"line":17,"column":2}},"3":{"start":{"line":18,"column":16},"end":{"line":18,"column":36}},"4":{"start":{"line":21,"column":20},"end":{"line":21,"column":81}},"5":{"start":{"line":23,"column":0},"end":{"line":23,"column":29}}},"fnMap":{},"branchMap":{"0":{"loc":{"start":{"line":21,"column":20},"end":{"line":21,"column":81}},"type":"cond-expr","locations":[{"start":{"line":21,"column":55},"end":{"line":21,"column":67}},{"start":{"line":21,"column":70},"end":{"line":21,"column":81}}],"line":21}},"s":{"0":5,"1":5,"2":5,"3":5,"4":5,"5":5},"f":{},"b":{"0":[1,4]},"_coverageSchema":"1a1c01bbd47fc00a2c39e90264f33305004495a9","hash":"395b6f1aceee6e40d370c169d27622a63a1878e3"}
,"C:\\Training\\blogsite\\middlewares\\appError.js": {"path":"C:\\Training\\blogsite\\middlewares\\appError.js","statementMap":{"0":{"start":{"line":3,"column":8},"end":{"line":3,"column":23}},"1":{"start":{"line":4,"column":8},"end":{"line":4,"column":37}},"2":{"start":{"line":5,"column":8},"end":{"line":5,"column":75}},"3":{"start":{"line":6,"column":8},"end":{"line":6,"column":34}},"4":{"start":{"line":7,"column":8},"end":{"line":7,"column":56}},"5":{"start":{"line":11,"column":0},"end":{"line":11,"column":26}}},"fnMap":{"0":{"name":"(anonymous_0)","decl":{"start":{"line":2,"column":4},"end":{"line":2,"column":5}},"loc":{"start":{"line":2,"column":37},"end":{"line":8,"column":5}},"line":2}},"branchMap":{"0":{"loc":{"start":{"line":5,"column":22},"end":{"line":5,"column":74}},"type":"cond-expr","locations":[{"start":{"line":5,"column":56},"end":{"line":5,"column":64}},{"start":{"line":5,"column":67},"end":{"line":5,"column":74}}],"line":5}},"s":{"0":17,"1":17,"2":17,"3":17,"4":17,"5":6},"f":{"0":17},"b":{"0":[12,5]},"_coverageSchema":"1a1c01bbd47fc00a2c39e90264f33305004495a9","hash":"aeae8c278cf4f93396dcefeff54c98f56f31ae01"}
,"C:\\Training\\blogsite\\models\\storiesModel.js": {"path":"C:\\Training\\blogsite\\models\\storiesModel.js","statementMap":{"0":{"start":{"line":1,"column":22},"end":{"line":1,"column":42}},"1":{"start":{"line":2,"column":17},"end":{"line":2,"column":48}},"2":{"start":{"line":4,"column":14},"end":{"line":64,"column":2}},"3":{"start":{"line":66,"column":0},"end":{"line":66,"column":23}}},"fnMap":{},"branchMap":{},"s":{"0":2,"1":2,"2":2,"3":2},"f":{},"b":{},"_coverageSchema":"1a1c01bbd47fc00a2c39e90264f33305004495a9","hash":"65acda24dc397b9227a4770acd2c2af3ec1b7a3d"}
,"C:\\Training\\blogsite\\models\\usersModel.js": {"path":"C:\\Training\\blogsite\\models\\usersModel.js","statementMap":{"0":{"start":{"line":1,"column":31},"end":{"line":1,"column":51}},"1":{"start":{"line":2,"column":22},"end":{"line":2,"column":42}},"2":{"start":{"line":3,"column":17},"end":{"line":3,"column":48}},"3":{"start":{"line":4,"column":19},"end":{"line":4,"column":53}},"4":{"start":{"line":6,"column":13},"end":{"line":111,"column":1}},"5":{"start":{"line":113,"column":0},"end":{"line":119,"column":3}},"6":{"start":{"line":114,"column":4},"end":{"line":118,"column":5}},"7":{"start":{"line":115,"column":21},"end":{"line":115,"column":60}},"8":{"start":{"line":116,"column":8},"end":{"line":116,"column":28}},"9":{"start":{"line":117,"column":8},"end":{"line":117,"column":36}},"10":{"start":{"line":121,"column":0},"end":{"line":121,"column":22}}},"fnMap":{"0":{"name":"(anonymous_0)","decl":{"start":{"line":113,"column":30},"end":{"line":113,"column":31}},"loc":{"start":{"line":113,"column":45},"end":{"line":119,"column":1}},"line":113}},"branchMap":{"0":{"loc":{"start":{"line":114,"column":4},"end":{"line":118,"column":5}},"type":"if","locations":[{"start":{"line":114,"column":4},"end":{"line":118,"column":5}},{"start":{},"end":{}}],"line":114}},"s":{"0":3,"1":3,"2":3,"3":3,"4":3,"5":3,"6":0,"7":0,"8":0,"9":0,"10":3},"f":{"0":0},"b":{"0":[0,0]},"_coverageSchema":"1a1c01bbd47fc00a2c39e90264f33305004495a9","hash":"be9f9d6a6f35397d77bd78c54395f0fcf6ae0bd6"}
,"C:\\Training\\blogsite\\services\\storyServices.js": {"path":"C:\\Training\\blogsite\\services\\storyServices.js","statementMap":{"0":{"start":{"line":1,"column":14},"end":{"line":1,"column":47}},"1":{"start":{"line":2,"column":17},"end":{"line":2,"column":51}},"2":{"start":{"line":5,"column":0},"end":{"line":27,"column":2}},"3":{"start":{"line":7,"column":4},"end":{"line":12,"column":7}},"4":{"start":{"line":13,"column":4},"end":{"line":15,"column":5}},"5":{"start":{"line":14,"column":8},"end":{"line":14,"column":63}},"6":{"start":{"line":16,"column":4},"end":{"line":16,"column":21}},"7":{"start":{"line":17,"column":4},"end":{"line":21,"column":6}},"8":{"start":{"line":22,"column":4},"end":{"line":24,"column":5}},"9":{"start":{"line":23,"column":8},"end":{"line":23,"column":56}},"10":{"start":{"line":25,"column":4},"end":{"line":25,"column":21}},"11":{"start":{"line":26,"column":4},"end":{"line":26,"column":16}},"12":{"start":{"line":29,"column":0},"end":{"line":58,"column":2}},"13":{"start":{"line":30,"column":13},"end":{"line":30,"column":14}},"14":{"start":{"line":31,"column":4},"end":{"line":33,"column":7}},"15":{"start":{"line":34,"column":4},"end":{"line":36,"column":5}},"16":{"start":{"line":35,"column":8},"end":{"line":35,"column":63}},"17":{"start":{"line":37,"column":4},"end":{"line":37,"column":12}},"18":{"start":{"line":38,"column":22},"end":{"line":46,"column":5}},"19":{"start":{"line":47,"column":4},"end":{"line":47,"column":34}},"20":{"start":{"line":48,"column":17},"end":{"line":55,"column":5}},"21":{"start":{"line":56,"column":4},"end":{"line":56,"column":21}},"22":{"start":{"line":57,"column":4},"end":{"line":57,"column":16}},"23":{"start":{"line":60,"column":0},"end":{"line":82,"column":2}},"24":{"start":{"line":61,"column":22},"end":{"line":61,"column":30}},"25":{"start":{"line":62,"column":4},"end":{"line":66,"column":5}},"26":{"start":{"line":63,"column":8},"end":{"line":63,"column":81}},"27":{"start":{"line":65,"column":8},"end":{"line":65,"column":59}},"28":{"start":{"line":67,"column":4},"end":{"line":68,"column":52}},"29":{"start":{"line":67,"column":30},"end":{"line":67,"column":81}},"30":{"start":{"line":68,"column":9},"end":{"line":68,"column":52}},"31":{"start":{"line":69,"column":4},"end":{"line":70,"column":52}},"32":{"start":{"line":69,"column":30},"end":{"line":69,"column":81}},"33":{"start":{"line":70,"column":9},"end":{"line":70,"column":52}},"34":{"start":{"line":71,"column":4},"end":{"line":75,"column":7}},"35":{"start":{"line":76,"column":17},"end":{"line":79,"column":5}},"36":{"start":{"line":80,"column":4},"end":{"line":80,"column":21}},"37":{"start":{"line":81,"column":4},"end":{"line":81,"column":16}},"38":{"start":{"line":84,"column":0},"end":{"line":96,"column":2}},"39":{"start":{"line":85,"column":4},"end":{"line":89,"column":7}},"40":{"start":{"line":90,"column":17},"end":{"line":93,"column":5}},"41":{"start":{"line":94,"column":4},"end":{"line":94,"column":21}},"42":{"start":{"line":95,"column":4},"end":{"line":95,"column":16}},"43":{"start":{"line":107,"column":0},"end":{"line":124,"column":2}},"44":{"start":{"line":109,"column":4},"end":{"line":111,"column":7}},"45":{"start":{"line":112,"column":4},"end":{"line":112,"column":81}},"46":{"start":{"line":112,"column":15},"end":{"line":112,"column":81}},"47":{"start":{"line":113,"column":4},"end":{"line":118,"column":6}},"48":{"start":{"line":119,"column":4},"end":{"line":121,"column":5}},"49":{"start":{"line":120,"column":8},"end":{"line":120,"column":45}},"50":{"start":{"line":122,"column":4},"end":{"line":122,"column":21}},"51":{"start":{"line":123,"column":4},"end":{"line":123,"column":16}}},"fnMap":{"0":{"name":"(anonymous_0)","decl":{"start":{"line":5,"column":19},"end":{"line":5,"column":20}},"loc":{"start":{"line":5,"column":45},"end":{"line":27,"column":1}},"line":5},"1":{"name":"(anonymous_1)","decl":{"start":{"line":29,"column":20},"end":{"line":29,"column":21}},"loc":{"start":{"line":29,"column":46},"end":{"line":58,"column":1}},"line":29},"2":{"name":"(anonymous_2)","decl":{"start":{"line":60,"column":22},"end":{"line":60,"column":23}},"loc":{"start":{"line":60,"column":48},"end":{"line":82,"column":1}},"line":60},"3":{"name":"(anonymous_3)","decl":{"start":{"line":84,"column":22},"end":{"line":84,"column":23}},"loc":{"start":{"line":84,"column":48},"end":{"line":96,"column":1}},"line":84},"4":{"name":"(anonymous_4)","decl":{"start":{"line":107,"column":24},"end":{"line":107,"column":25}},"loc":{"start":{"line":107,"column":50},"end":{"line":124,"column":1}},"line":107}},"branchMap":{"0":{"loc":{"start":{"line":13,"column":4},"end":{"line":15,"column":5}},"type":"if","locations":[{"start":{"line":13,"column":4},"end":{"line":15,"column":5}},{"start":{},"end":{}}],"line":13},"1":{"loc":{"start":{"line":13,"column":8},"end":{"line":13,"column":30}},"type":"binary-expr","locations":[{"start":{"line":13,"column":8},"end":{"line":13,"column":21}},{"start":{"line":13,"column":25},"end":{"line":13,"column":30}}],"line":13},"2":{"loc":{"start":{"line":22,"column":4},"end":{"line":24,"column":5}},"type":"if","locations":[{"start":{"line":22,"column":4},"end":{"line":24,"column":5}},{"start":{},"end":{}}],"line":22},"3":{"loc":{"start":{"line":34,"column":4},"end":{"line":36,"column":5}},"type":"if","locations":[{"start":{"line":34,"column":4},"end":{"line":36,"column":5}},{"start":{},"end":{}}],"line":34},"4":{"loc":{"start":{"line":62,"column":4},"end":{"line":66,"column":5}},"type":"if","locations":[{"start":{"line":62,"column":4},"end":{"line":66,"column":5}},{"start":{"line":64,"column":11},"end":{"line":66,"column":5}}],"line":62},"5":{"loc":{"start":{"line":67,"column":4},"end":{"line":68,"column":52}},"type":"if","locations":[{"start":{"line":67,"column":4},"end":{"line":68,"column":52}},{"start":{"line":68,"column":9},"end":{"line":68,"column":52}}],"line":67},"6":{"loc":{"start":{"line":69,"column":4},"end":{"line":70,"column":52}},"type":"if","locations":[{"start":{"line":69,"column":4},"end":{"line":70,"column":52}},{"start":{"line":70,"column":9},"end":{"line":70,"column":52}}],"line":69},"7":{"loc":{"start":{"line":112,"column":4},"end":{"line":112,"column":81}},"type":"if","locations":[{"start":{"line":112,"column":4},"end":{"line":112,"column":81}},{"start":{},"end":{}}],"line":112},"8":{"loc":{"start":{"line":119,"column":4},"end":{"line":121,"column":5}},"type":"if","locations":[{"start":{"line":119,"column":4},"end":{"line":121,"column":5}},{"start":{},"end":{}}],"line":119}},"s":{"0":2,"1":2,"2":2,"3":3,"4":3,"5":1,"6":2,"7":2,"8":2,"9":1,"10":1,"11":1,"12":2,"13":2,"14":2,"15":2,"16":1,"17":1,"18":1,"19":1,"20":1,"21":1,"22":1,"23":2,"24":2,"25":2,"26":1,"27":1,"28":2,"29":1,"30":1,"31":2,"32":1,"33":1,"34":2,"35":2,"36":2,"37":2,"38":2,"39":1,"40":1,"41":1,"42":1,"43":2,"44":3,"45":3,"46":1,"47":2,"48":2,"49":1,"50":2,"51":2},"f":{"0":3,"1":2,"2":2,"3":1,"4":3},"b":{"0":[1,2],"1":[3,2],"2":[1,1],"3":[1,1],"4":[1,1],"5":[1,1],"6":[1,1],"7":[1,2],"8":[1,1]},"_coverageSchema":"1a1c01bbd47fc00a2c39e90264f33305004495a9","hash":"3b5cb1a59fb3527c72d12f7e1d03d8d8c02207d1"}
,"C:\\Training\\blogsite\\services\\userServices.js": {"path":"C:\\Training\\blogsite\\services\\userServices.js","statementMap":{"0":{"start":{"line":2,"column":13},"end":{"line":2,"column":44}},"1":{"start":{"line":3,"column":23},"end":{"line":3,"column":63}},"2":{"start":{"line":4,"column":17},"end":{"line":4,"column":51}},"3":{"start":{"line":8,"column":0},"end":{"line":35,"column":2}},"4":{"start":{"line":10,"column":4},"end":{"line":17,"column":7}},"5":{"start":{"line":18,"column":4},"end":{"line":26,"column":5}},"6":{"start":{"line":19,"column":8},"end":{"line":19,"column":63}},"7":{"start":{"line":21,"column":8},"end":{"line":25,"column":10}},"8":{"start":{"line":27,"column":4},"end":{"line":33,"column":28}},"9":{"start":{"line":28,"column":8},"end":{"line":28,"column":25}},"10":{"start":{"line":29,"column":8},"end":{"line":32,"column":10}},"11":{"start":{"line":33,"column":11},"end":{"line":33,"column":28}},"12":{"start":{"line":34,"column":4},"end":{"line":34,"column":16}},"13":{"start":{"line":37,"column":0},"end":{"line":58,"column":2}},"14":{"start":{"line":38,"column":21},"end":{"line":45,"column":5}},"15":{"start":{"line":46,"column":4},"end":{"line":46,"column":32}},"16":{"start":{"line":47,"column":18},"end":{"line":47,"column":74}},"17":{"start":{"line":48,"column":17},"end":{"line":55,"column":5}},"18":{"start":{"line":56,"column":4},"end":{"line":56,"column":21}},"19":{"start":{"line":57,"column":4},"end":{"line":57,"column":16}},"20":{"start":{"line":60,"column":0},"end":{"line":83,"column":2}},"21":{"start":{"line":62,"column":21},"end":{"line":62,"column":29}},"22":{"start":{"line":63,"column":4},"end":{"line":69,"column":5}},"23":{"start":{"line":64,"column":8},"end":{"line":64,"column":61}},"24":{"start":{"line":65,"column":8},"end":{"line":65,"column":76}},"25":{"start":{"line":66,"column":8},"end":{"line":66,"column":40}},"26":{"start":{"line":68,"column":8},"end":{"line":68,"column":41}},"27":{"start":{"line":70,"column":4},"end":{"line":74,"column":7}},"28":{"start":{"line":75,"column":17},"end":{"line":80,"column":5}},"29":{"start":{"line":81,"column":4},"end":{"line":81,"column":21}},"30":{"start":{"line":82,"column":4},"end":{"line":82,"column":16}},"31":{"start":{"line":85,"column":0},"end":{"line":97,"column":2}},"32":{"start":{"line":86,"column":4},"end":{"line":90,"column":7}},"33":{"start":{"line":91,"column":17},"end":{"line":94,"column":5}},"34":{"start":{"line":95,"column":4},"end":{"line":95,"column":21}},"35":{"start":{"line":96,"column":4},"end":{"line":96,"column":16}},"36":{"start":{"line":112,"column":0},"end":{"line":135,"column":2}},"37":{"start":{"line":114,"column":4},"end":{"line":118,"column":7}},"38":{"start":{"line":119,"column":4},"end":{"line":129,"column":5}},"39":{"start":{"line":120,"column":8},"end":{"line":120,"column":25}},"40":{"start":{"line":121,"column":8},"end":{"line":121,"column":74}},"41":{"start":{"line":123,"column":8},"end":{"line":128,"column":10}},"42":{"start":{"line":130,"column":4},"end":{"line":133,"column":28}},"43":{"start":{"line":131,"column":8},"end":{"line":131,"column":25}},"44":{"start":{"line":132,"column":8},"end":{"line":132,"column":43}},"45":{"start":{"line":133,"column":11},"end":{"line":133,"column":28}},"46":{"start":{"line":134,"column":4},"end":{"line":134,"column":16}}},"fnMap":{"0":{"name":"(anonymous_0)","decl":{"start":{"line":8,"column":18},"end":{"line":8,"column":19}},"loc":{"start":{"line":8,"column":44},"end":{"line":35,"column":1}},"line":8},"1":{"name":"(anonymous_1)","decl":{"start":{"line":37,"column":17},"end":{"line":37,"column":18}},"loc":{"start":{"line":37,"column":43},"end":{"line":58,"column":1}},"line":37},"2":{"name":"(anonymous_2)","decl":{"start":{"line":60,"column":21},"end":{"line":60,"column":22}},"loc":{"start":{"line":60,"column":47},"end":{"line":83,"column":1}},"line":60},"3":{"name":"(anonymous_3)","decl":{"start":{"line":85,"column":21},"end":{"line":85,"column":22}},"loc":{"start":{"line":85,"column":47},"end":{"line":97,"column":1}},"line":85},"4":{"name":"(anonymous_4)","decl":{"start":{"line":112,"column":22},"end":{"line":112,"column":23}},"loc":{"start":{"line":112,"column":48},"end":{"line":135,"column":1}},"line":112}},"branchMap":{"0":{"loc":{"start":{"line":18,"column":4},"end":{"line":26,"column":5}},"type":"if","locations":[{"start":{"line":18,"column":4},"end":{"line":26,"column":5}},{"start":{"line":20,"column":11},"end":{"line":26,"column":5}}],"line":18},"1":{"loc":{"start":{"line":18,"column":8},"end":{"line":18,"column":30}},"type":"binary-expr","locations":[{"start":{"line":18,"column":8},"end":{"line":18,"column":21}},{"start":{"line":18,"column":25},"end":{"line":18,"column":30}}],"line":18},"2":{"loc":{"start":{"line":27,"column":4},"end":{"line":33,"column":28}},"type":"if","locations":[{"start":{"line":27,"column":4},"end":{"line":33,"column":28}},{"start":{"line":33,"column":11},"end":{"line":33,"column":28}}],"line":27},"3":{"loc":{"start":{"line":63,"column":4},"end":{"line":69,"column":5}},"type":"if","locations":[{"start":{"line":63,"column":4},"end":{"line":69,"column":5}},{"start":{"line":67,"column":11},"end":{"line":69,"column":5}}],"line":63},"4":{"loc":{"start":{"line":119,"column":4},"end":{"line":129,"column":5}},"type":"if","locations":[{"start":{"line":119,"column":4},"end":{"line":129,"column":5}},{"start":{"line":122,"column":11},"end":{"line":129,"column":5}}],"line":119},"5":{"loc":{"start":{"line":130,"column":4},"end":{"line":133,"column":28}},"type":"if","locations":[{"start":{"line":130,"column":4},"end":{"line":133,"column":28}},{"start":{"line":133,"column":11},"end":{"line":133,"column":28}}],"line":130}},"s":{"0":2,"1":2,"2":2,"3":2,"4":3,"5":3,"6":1,"7":2,"8":2,"9":1,"10":1,"11":1,"12":2,"13":2,"14":1,"15":1,"16":1,"17":1,"18":1,"19":1,"20":2,"21":2,"22":2,"23":1,"24":1,"25":1,"26":1,"27":2,"28":2,"29":2,"30":2,"31":2,"32":1,"33":1,"34":1,"35":1,"36":2,"37":3,"38":3,"39":1,"40":1,"41":2,"42":2,"43":1,"44":1,"45":1,"46":2},"f":{"0":3,"1":1,"2":2,"3":1,"4":3},"b":{"0":[1,2],"1":[3,2],"2":[1,1],"3":[1,1],"4":[1,2],"5":[1,1]},"_coverageSchema":"1a1c01bbd47fc00a2c39e90264f33305004495a9","hash":"79fd339f6313d33f8a86294071c4f711d69f42ae"}
,"C:\\Training\\blogsite\\utilities\\catchAsync.js": {"path":"C:\\Training\\blogsite\\utilities\\catchAsync.js","statementMap":{"0":{"start":{"line":1,"column":0},"end":{"line":3,"column":2}},"1":{"start":{"line":1,"column":25},"end":{"line":3,"column":1}},"2":{"start":{"line":2,"column":4},"end":{"line":2,"column":35}}},"fnMap":{"0":{"name":"(anonymous_0)","decl":{"start":{"line":1,"column":17},"end":{"line":1,"column":18}},"loc":{"start":{"line":1,"column":25},"end":{"line":3,"column":1}},"line":1},"1":{"name":"(anonymous_1)","decl":{"start":{"line":1,"column":25},"end":{"line":1,"column":26}},"loc":{"start":{"line":1,"column":45},"end":{"line":3,"column":1}},"line":1}},"branchMap":{},"s":{"0":4,"1":19,"2":19},"f":{"0":19,"1":19},"b":{},"_coverageSchema":"1a1c01bbd47fc00a2c39e90264f33305004495a9","hash":"c9ddde91fef01b9c01bcc308b0f523e9bba3e9d9"}
,"C:\\Training\\blogsite\\utilities\\contentNegotiation.js": {"path":"C:\\Training\\blogsite\\utilities\\contentNegotiation.js","statementMap":{"0":{"start":{"line":1,"column":18},"end":{"line":1,"column":38}},"1":{"start":{"line":2,"column":17},"end":{"line":2,"column":51}},"2":{"start":{"line":4,"column":0},"end":{"line":39,"column":2}},"3":{"start":{"line":6,"column":16},"end":{"line":6,"column":56}},"4":{"start":{"line":7,"column":4},"end":{"line":10,"column":5}},"5":{"start":{"line":7,"column":17},"end":{"line":7,"column":18}},"6":{"start":{"line":8,"column":28},"end":{"line":8,"column":45}},"7":{"start":{"line":9,"column":8},"end":{"line":9,"column":22}},"8":{"start":{"line":11,"column":15},"end":{"line":11,"column":47}},"9":{"start":{"line":12,"column":21},"end":{"line":12,"column":24}},"10":{"start":{"line":13,"column":4},"end":{"line":17,"column":5}},"11":{"start":{"line":14,"column":8},"end":{"line":14,"column":32}},"12":{"start":{"line":16,"column":8},"end":{"line":16,"column":25}},"13":{"start":{"line":18,"column":4},"end":{"line":19,"column":35}},"14":{"start":{"line":18,"column":22},"end":{"line":18,"column":46}},"15":{"start":{"line":19,"column":9},"end":{"line":19,"column":35}},"16":{"start":{"line":20,"column":18},"end":{"line":20,"column":33}},"17":{"start":{"line":21,"column":4},"end":{"line":23,"column":33}},"18":{"start":{"line":21,"column":31},"end":{"line":21,"column":54}},"19":{"start":{"line":22,"column":9},"end":{"line":23,"column":33}},"20":{"start":{"line":22,"column":36},"end":{"line":22,"column":58}},"21":{"start":{"line":23,"column":9},"end":{"line":23,"column":33}},"22":{"start":{"line":25,"column":4},"end":{"line":27,"column":5}},"23":{"start":{"line":25,"column":26},"end":{"line":25,"column":59}},"24":{"start":{"line":26,"column":8},"end":{"line":26,"column":92}},"25":{"start":{"line":28,"column":4},"end":{"line":30,"column":5}},"26":{"start":{"line":28,"column":41},"end":{"line":28,"column":54}},"27":{"start":{"line":29,"column":8},"end":{"line":29,"column":92}},"28":{"start":{"line":31,"column":4},"end":{"line":34,"column":5}},"29":{"start":{"line":31,"column":26},"end":{"line":31,"column":45}},"30":{"start":{"line":32,"column":8},"end":{"line":32,"column":38}},"31":{"start":{"line":33,"column":8},"end":{"line":33,"column":85}},"32":{"start":{"line":36,"column":4},"end":{"line":36,"column":21}},"33":{"start":{"line":37,"column":4},"end":{"line":37,"column":21}},"34":{"start":{"line":38,"column":4},"end":{"line":38,"column":77}}},"fnMap":{"0":{"name":"(anonymous_0)","decl":{"start":{"line":4,"column":24},"end":{"line":4,"column":25}},"loc":{"start":{"line":4,"column":56},"end":{"line":39,"column":1}},"line":4},"1":{"name":"(anonymous_1)","decl":{"start":{"line":25,"column":17},"end":{"line":25,"column":18}},"loc":{"start":{"line":25,"column":26},"end":{"line":25,"column":59}},"line":25},"2":{"name":"(anonymous_2)","decl":{"start":{"line":28,"column":32},"end":{"line":28,"column":33}},"loc":{"start":{"line":28,"column":41},"end":{"line":28,"column":54}},"line":28},"3":{"name":"(anonymous_3)","decl":{"start":{"line":31,"column":17},"end":{"line":31,"column":18}},"loc":{"start":{"line":31,"column":26},"end":{"line":31,"column":45}},"line":31}},"branchMap":{"0":{"loc":{"start":{"line":13,"column":4},"end":{"line":17,"column":5}},"type":"if","locations":[{"start":{"line":13,"column":4},"end":{"line":17,"column":5}},{"start":{"line":15,"column":11},"end":{"line":17,"column":5}}],"line":13},"1":{"loc":{"start":{"line":18,"column":4},"end":{"line":19,"column":35}},"type":"if","locations":[{"start":{"line":18,"column":4},"end":{"line":19,"column":35}},{"start":{"line":19,"column":9},"end":{"line":19,"column":35}}],"line":18},"2":{"loc":{"start":{"line":21,"column":4},"end":{"line":23,"column":33}},"type":"if","locations":[{"start":{"line":21,"column":4},"end":{"line":23,"column":33}},{"start":{"line":22,"column":9},"end":{"line":23,"column":33}}],"line":21},"3":{"loc":{"start":{"line":22,"column":9},"end":{"line":23,"column":33}},"type":"if","locations":[{"start":{"line":22,"column":9},"end":{"line":23,"column":33}},{"start":{"line":23,"column":9},"end":{"line":23,"column":33}}],"line":22},"4":{"loc":{"start":{"line":25,"column":4},"end":{"line":27,"column":5}},"type":"if","locations":[{"start":{"line":25,"column":4},"end":{"line":27,"column":5}},{"start":{},"end":{}}],"line":25},"5":{"loc":{"start":{"line":28,"column":4},"end":{"line":30,"column":5}},"type":"if","locations":[{"start":{"line":28,"column":4},"end":{"line":30,"column":5}},{"start":{},"end":{}}],"line":28},"6":{"loc":{"start":{"line":28,"column":8},"end":{"line":28,"column":55}},"type":"binary-expr","locations":[{"start":{"line":28,"column":8},"end":{"line":28,"column":19}},{"start":{"line":28,"column":23},"end":{"line":28,"column":55}}],"line":28},"7":{"loc":{"start":{"line":31,"column":4},"end":{"line":34,"column":5}},"type":"if","locations":[{"start":{"line":31,"column":4},"end":{"line":34,"column":5}},{"start":{},"end":{}}],"line":31}},"s":{"0":5,"1":5,"2":5,"3":6,"4":4,"5":4,"6":5,"7":5,"8":4,"9":4,"10":4,"11":3,"12":1,"13":4,"14":2,"15":2,"16":4,"17":4,"18":1,"19":3,"20":1,"21":2,"22":4,"23":5,"24":1,"25":3,"26":4,"27":1,"28":2,"29":2,"30":1,"31":1,"32":1,"33":1,"34":1},"f":{"0":6,"1":5,"2":4,"3":2},"b":{"0":[3,1],"1":[2,2],"2":[1,3],"3":[1,2],"4":[1,3],"5":[1,2],"6":[3,3],"7":[1,1]},"_coverageSchema":"1a1c01bbd47fc00a2c39e90264f33305004495a9","hash":"d4b5d4838aafd52aacca424d81ae72274b2f7cdd"}
,"C:\\Training\\blogsite\\utilities\\hashString.js": {"path":"C:\\Training\\blogsite\\utilities\\hashString.js","statementMap":{"0":{"start":{"line":2,"column":15},"end":{"line":2,"column":34}},"1":{"start":{"line":4,"column":19},"end":{"line":4,"column":21}},"2":{"start":{"line":6,"column":0},"end":{"line":9,"column":2}},"3":{"start":{"line":7,"column":17},"end":{"line":7,"column":43}},"4":{"start":{"line":8,"column":4},"end":{"line":8,"column":16}},"5":{"start":{"line":11,"column":0},"end":{"line":14,"column":2}},"6":{"start":{"line":12,"column":17},"end":{"line":12,"column":53}},"7":{"start":{"line":13,"column":4},"end":{"line":13,"column":16}},"8":{"start":{"line":15,"column":0},"end":{"line":15,"column":28}}},"fnMap":{"0":{"name":"(anonymous_0)","decl":{"start":{"line":6,"column":22},"end":{"line":6,"column":23}},"loc":{"start":{"line":6,"column":37},"end":{"line":9,"column":1}},"line":6},"1":{"name":"(anonymous_1)","decl":{"start":{"line":11,"column":23},"end":{"line":11,"column":24}},"loc":{"start":{"line":11,"column":49},"end":{"line":14,"column":1}},"line":11}},"branchMap":{},"s":{"0":4,"1":4,"2":4,"3":1,"4":1,"5":4,"6":2,"7":2,"8":4},"f":{"0":1,"1":2},"b":{},"_coverageSchema":"1a1c01bbd47fc00a2c39e90264f33305004495a9","hash":"58745c4e5d76e18070820ccfbdeebcf38f830382"}
}
