{"C:\\Training\\blogsite\\controllers\\authController.js": {"path":"C:\\Training\\blogsite\\controllers\\authController.js","statementMap":{"0":{"start":{"line":2,"column":22},"end":{"line":2,"column":37}},"1":{"start":{"line":3,"column":12},"end":{"line":3,"column":35}},"2":{"start":{"line":4,"column":21},"end":{"line":4,"column":55}},"3":{"start":{"line":5,"column":13},"end":{"line":5,"column":44}},"4":{"start":{"line":6,"column":19},"end":{"line":6,"column":53}},"5":{"start":{"line":7,"column":19},"end":{"line":7,"column":53}},"6":{"start":{"line":8,"column":17},"end":{"line":8,"column":51}},"7":{"start":{"line":9,"column":18},"end":{"line":9,"column":60}},"8":{"start":{"line":12,"column":0},"end":{"line":17,"column":2}},"9":{"start":{"line":13,"column":18},"end":{"line":15,"column":6}},"10":{"start":{"line":16,"column":4},"end":{"line":16,"column":17}},"11":{"start":{"line":19,"column":0},"end":{"line":39,"column":2}},"12":{"start":{"line":22,"column":4},"end":{"line":27,"column":5}},"13":{"start":{"line":23,"column":27},"end":{"line":23,"column":63}},"14":{"start":{"line":24,"column":8},"end":{"line":24,"column":20}},"15":{"start":{"line":26,"column":8},"end":{"line":26,"column":62}},"16":{"start":{"line":30,"column":4},"end":{"line":34,"column":5}},"17":{"start":{"line":31,"column":8},"end":{"line":31,"column":80}},"18":{"start":{"line":33,"column":8},"end":{"line":33,"column":69}},"19":{"start":{"line":35,"column":4},"end":{"line":38,"column":23}},"20":{"start":{"line":36,"column":8},"end":{"line":36,"column":69}},"21":{"start":{"line":38,"column":8},"end":{"line":38,"column":23}},"22":{"start":{"line":41,"column":0},"end":{"line":67,"column":3}},"23":{"start":{"line":42,"column":20},"end":{"line":42,"column":57}},"24":{"start":{"line":43,"column":4},"end":{"line":47,"column":5}},"25":{"start":{"line":44,"column":8},"end":{"line":44,"column":62}},"26":{"start":{"line":46,"column":8},"end":{"line":46,"column":30}},"27":{"start":{"line":50,"column":28},"end":{"line":55,"column":6}},"28":{"start":{"line":57,"column":4},"end":{"line":66,"column":5}},"29":{"start":{"line":58,"column":8},"end":{"line":58,"column":58}},"30":{"start":{"line":61,"column":8},"end":{"line":65,"column":9}},"31":{"start":{"line":62,"column":12},"end":{"line":62,"column":66}},"32":{"start":{"line":64,"column":12},"end":{"line":64,"column":26}},"33":{"start":{"line":69,"column":0},"end":{"line":108,"column":3}},"34":{"start":{"line":73,"column":4},"end":{"line":78,"column":5}},"35":{"start":{"line":74,"column":8},"end":{"line":74,"column":25}},"36":{"start":{"line":75,"column":8},"end":{"line":75,"column":85}},"37":{"start":{"line":77,"column":8},"end":{"line":77,"column":28}},"38":{"start":{"line":81,"column":22},"end":{"line":86,"column":6}},"39":{"start":{"line":88,"column":4},"end":{"line":106,"column":5}},"40":{"start":{"line":89,"column":8},"end":{"line":89,"column":25}},"41":{"start":{"line":90,"column":8},"end":{"line":90,"column":69}},"42":{"start":{"line":93,"column":21},"end":{"line":93,"column":86}},"43":{"start":{"line":94,"column":8},"end":{"line":98,"column":29}},"44":{"start":{"line":95,"column":12},"end":{"line":95,"column":29}},"45":{"start":{"line":96,"column":12},"end":{"line":96,"column":73}},"46":{"start":{"line":98,"column":12},"end":{"line":98,"column":29}},"47":{"start":{"line":99,"column":22},"end":{"line":99,"column":68}},"48":{"start":{"line":100,"column":8},"end":{"line":105,"column":10}},"49":{"start":{"line":107,"column":4},"end":{"line":107,"column":63}}},"fnMap":{"0":{"name":"(anonymous_0)","decl":{"start":{"line":12,"column":19},"end":{"line":12,"column":20}},"loc":{"start":{"line":12,"column":33},"end":{"line":17,"column":1}},"line":12},"1":{"name":"(anonymous_1)","decl":{"start":{"line":19,"column":21},"end":{"line":19,"column":22}},"loc":{"start":{"line":19,"column":47},"end":{"line":39,"column":1}},"line":19},"2":{"name":"(anonymous_2)","decl":{"start":{"line":41,"column":31},"end":{"line":41,"column":32}},"loc":{"start":{"line":41,"column":57},"end":{"line":67,"column":1}},"line":41},"3":{"name":"(anonymous_3)","decl":{"start":{"line":69,"column":27},"end":{"line":69,"column":28}},"loc":{"start":{"line":69,"column":53},"end":{"line":108,"column":1}},"line":69}},"branchMap":{"0":{"loc":{"start":{"line":22,"column":4},"end":{"line":27,"column":5}},"type":"if","locations":[{"start":{"line":22,"column":4},"end":{"line":27,"column":5}},{"start":{"line":25,"column":11},"end":{"line":27,"column":5}}],"line":22},"1":{"loc":{"start":{"line":22,"column":8},"end":{"line":22,"column":83}},"type":"binary-expr","locations":[{"start":{"line":22,"column":8},"end":{"line":22,"column":33}},{"start":{"line":22,"column":37},"end":{"line":22,"column":83}}],"line":22},"2":{"loc":{"start":{"line":35,"column":4},"end":{"line":38,"column":23}},"type":"if","locations":[{"start":{"line":35,"column":4},"end":{"line":38,"column":23}},{"start":{"line":38,"column":8},"end":{"line":38,"column":23}}],"line":35},"3":{"loc":{"start":{"line":43,"column":4},"end":{"line":47,"column":5}},"type":"if","locations":[{"start":{"line":43,"column":4},"end":{"line":47,"column":5}},{"start":{"line":45,"column":10},"end":{"line":47,"column":5}}],"line":43},"4":{"loc":{"start":{"line":43,"column":8},"end":{"line":43,"column":37}},"type":"binary-expr","locations":[{"start":{"line":43,"column":8},"end":{"line":43,"column":16}},{"start":{"line":43,"column":20},"end":{"line":43,"column":37}}],"line":43},"5":{"loc":{"start":{"line":57,"column":4},"end":{"line":66,"column":5}},"type":"if","locations":[{"start":{"line":57,"column":4},"end":{"line":66,"column":5}},{"start":{"line":59,"column":10},"end":{"line":66,"column":5}}],"line":57},"6":{"loc":{"start":{"line":61,"column":8},"end":{"line":65,"column":9}},"type":"if","locations":[{"start":{"line":61,"column":8},"end":{"line":65,"column":9}},{"start":{"line":63,"column":14},"end":{"line":65,"column":9}}],"line":61},"7":{"loc":{"start":{"line":73,"column":4},"end":{"line":78,"column":5}},"type":"if","locations":[{"start":{"line":73,"column":4},"end":{"line":78,"column":5}},{"start":{"line":76,"column":10},"end":{"line":78,"column":5}}],"line":73},"8":{"loc":{"start":{"line":73,"column":8},"end":{"line":73,"column":48}},"type":"binary-expr","locations":[{"start":{"line":73,"column":8},"end":{"line":73,"column":26}},{"start":{"line":73,"column":30},"end":{"line":73,"column":48}}],"line":73},"9":{"loc":{"start":{"line":88,"column":4},"end":{"line":106,"column":5}},"type":"if","locations":[{"start":{"line":88,"column":4},"end":{"line":106,"column":5}},{"start":{"line":91,"column":11},"end":{"line":106,"column":5}}],"line":88},"10":{"loc":{"start":{"line":94,"column":8},"end":{"line":98,"column":29}},"type":"if","locations":[{"start":{"line":94,"column":8},"end":{"line":98,"column":29}},{"start":{"line":98,"column":12},"end":{"line":98,"column":29}}],"line":94}},"s":{"0":3,"1":3,"2":3,"3":3,"4":3,"5":3,"6":3,"7":3,"8":3,"9":7,"10":7,"11":3,"12":10,"13":9,"14":9,"15":1,"16":9,"17":9,"18":1,"19":8,"20":2,"21":6,"22":3,"23":4,"24":4,"25":1,"26":3,"27":3,"28":3,"29":1,"30":2,"31":1,"32":1,"33":3,"34":4,"35":1,"36":1,"37":3,"38":3,"39":3,"40":1,"41":1,"42":2,"43":2,"44":1,"45":1,"46":1,"47":1,"48":1,"49":1},"f":{"0":7,"1":10,"2":4,"3":4},"b":{"0":[9,1],"1":[10,10],"2":[2,6],"3":[1,3],"4":[4,3],"5":[1,2],"6":[1,1],"7":[1,3],"8":[4,3],"9":[1,2],"10":[1,1]},"_coverageSchema":"1a1c01bbd47fc00a2c39e90264f33305004495a9","hash":"fe5e0c4480f488d49ebd4bfbc755f89fd3bd5019"}
,"C:\\Training\\blogsite\\controllers\\errorController.js": {"path":"C:\\Training\\blogsite\\controllers\\errorController.js","statementMap":{"0":{"start":{"line":1,"column":0},"end":{"line":20,"column":2}},"1":{"start":{"line":3,"column":17},"end":{"line":3,"column":38}},"2":{"start":{"line":7,"column":4},"end":{"line":14,"column":5}},"3":{"start":{"line":8,"column":8},"end":{"line":8,"column":25}},"4":{"start":{"line":9,"column":8},"end":{"line":9,"column":26}},"5":{"start":{"line":10,"column":11},"end":{"line":14,"column":5}},"6":{"start":{"line":11,"column":8},"end":{"line":11,"column":35}},"7":{"start":{"line":13,"column":8},"end":{"line":13,"column":25}},"8":{"start":{"line":15,"column":4},"end":{"line":18,"column":7}},"9":{"start":{"line":19,"column":4},"end":{"line":19,"column":18}}},"fnMap":{"0":{"name":"(anonymous_0)","decl":{"start":{"line":1,"column":17},"end":{"line":1,"column":18}},"loc":{"start":{"line":1,"column":42},"end":{"line":20,"column":1}},"line":1}},"branchMap":{"0":{"loc":{"start":{"line":3,"column":17},"end":{"line":3,"column":38}},"type":"binary-expr","locations":[{"start":{"line":3,"column":17},"end":{"line":3,"column":27}},{"start":{"line":3,"column":31},"end":{"line":3,"column":38}}],"line":3},"1":{"loc":{"start":{"line":7,"column":4},"end":{"line":14,"column":5}},"type":"if","locations":[{"start":{"line":7,"column":4},"end":{"line":14,"column":5}},{"start":{"line":10,"column":11},"end":{"line":14,"column":5}}],"line":7},"2":{"loc":{"start":{"line":10,"column":11},"end":{"line":14,"column":5}},"type":"if","locations":[{"start":{"line":10,"column":11},"end":{"line":14,"column":5}},{"start":{"line":12,"column":10},"end":{"line":14,"column":5}}],"line":10}},"s":{"0":1,"1":3,"2":3,"3":1,"4":1,"5":2,"6":1,"7":1,"8":3,"9":3},"f":{"0":3},"b":{"0":[3,2],"1":[1,2],"2":[1,1]},"_coverageSchema":"1a1c01bbd47fc00a2c39e90264f33305004495a9","hash":"e36b2a3675ad0323b7d1ac22a2bab9a7c711901c"}
,"C:\\Training\\blogsite\\controllers\\storyController.js": {"path":"C:\\Training\\blogsite\\controllers\\storyController.js","statementMap":{"0":{"start":{"line":2,"column":18},"end":{"line":2,"column":60}},"1":{"start":{"line":3,"column":19},"end":{"line":3,"column":53}},"2":{"start":{"line":4,"column":22},"end":{"line":4,"column":58}},"3":{"start":{"line":8,"column":0},"end":{"line":11,"column":3}},"4":{"start":{"line":9,"column":17},"end":{"line":9,"column":66}},"5":{"start":{"line":10,"column":4},"end":{"line":10,"column":56}},"6":{"start":{"line":18,"column":0},"end":{"line":21,"column":3}},"7":{"start":{"line":19,"column":17},"end":{"line":19,"column":61}},"8":{"start":{"line":20,"column":4},"end":{"line":20,"column":56}},"9":{"start":{"line":23,"column":0},"end":{"line":26,"column":3}},"10":{"start":{"line":24,"column":17},"end":{"line":24,"column":62}},"11":{"start":{"line":25,"column":4},"end":{"line":25,"column":56}},"12":{"start":{"line":28,"column":0},"end":{"line":31,"column":3}},"13":{"start":{"line":29,"column":17},"end":{"line":29,"column":64}},"14":{"start":{"line":30,"column":4},"end":{"line":30,"column":56}},"15":{"start":{"line":33,"column":0},"end":{"line":36,"column":3}},"16":{"start":{"line":34,"column":17},"end":{"line":34,"column":64}},"17":{"start":{"line":35,"column":4},"end":{"line":35,"column":56}}},"fnMap":{"0":{"name":"(anonymous_0)","decl":{"start":{"line":8,"column":35},"end":{"line":8,"column":36}},"loc":{"start":{"line":8,"column":61},"end":{"line":11,"column":1}},"line":8},"1":{"name":"(anonymous_1)","decl":{"start":{"line":18,"column":30},"end":{"line":18,"column":31}},"loc":{"start":{"line":18,"column":56},"end":{"line":21,"column":1}},"line":18},"2":{"name":"(anonymous_2)","decl":{"start":{"line":23,"column":31},"end":{"line":23,"column":32}},"loc":{"start":{"line":23,"column":57},"end":{"line":26,"column":1}},"line":23},"3":{"name":"(anonymous_3)","decl":{"start":{"line":28,"column":33},"end":{"line":28,"column":34}},"loc":{"start":{"line":28,"column":58},"end":{"line":31,"column":1}},"line":28},"4":{"name":"(anonymous_4)","decl":{"start":{"line":33,"column":33},"end":{"line":33,"column":34}},"loc":{"start":{"line":33,"column":58},"end":{"line":36,"column":1}},"line":33}},"branchMap":{},"s":{"0":1,"1":1,"2":1,"3":1,"4":1,"5":1,"6":1,"7":1,"8":1,"9":1,"10":1,"11":1,"12":1,"13":1,"14":1,"15":1,"16":1,"17":1},"f":{"0":1,"1":1,"2":1,"3":1,"4":1},"b":{},"_coverageSchema":"1a1c01bbd47fc00a2c39e90264f33305004495a9","hash":"e85d934f9fda6ae94f3d8229b7e5e3303733f387"}
,"C:\\Training\\blogsite\\controllers\\userController.js": {"path":"C:\\Training\\blogsite\\controllers\\userController.js","statementMap":{"0":{"start":{"line":2,"column":18},"end":{"line":2,"column":60}},"1":{"start":{"line":3,"column":21},"end":{"line":3,"column":56}},"2":{"start":{"line":4,"column":19},"end":{"line":4,"column":53}},"3":{"start":{"line":8,"column":0},"end":{"line":11,"column":3}},"4":{"start":{"line":9,"column":17},"end":{"line":9,"column":63}},"5":{"start":{"line":10,"column":4},"end":{"line":10,"column":56}},"6":{"start":{"line":18,"column":0},"end":{"line":21,"column":3}},"7":{"start":{"line":19,"column":17},"end":{"line":19,"column":59}},"8":{"start":{"line":20,"column":4},"end":{"line":20,"column":56}},"9":{"start":{"line":22,"column":0},"end":{"line":25,"column":3}},"10":{"start":{"line":23,"column":17},"end":{"line":23,"column":58}},"11":{"start":{"line":24,"column":4},"end":{"line":24,"column":56}},"12":{"start":{"line":27,"column":0},"end":{"line":30,"column":3}},"13":{"start":{"line":28,"column":17},"end":{"line":28,"column":62}},"14":{"start":{"line":29,"column":4},"end":{"line":29,"column":56}},"15":{"start":{"line":32,"column":0},"end":{"line":35,"column":3}},"16":{"start":{"line":33,"column":17},"end":{"line":33,"column":62}},"17":{"start":{"line":34,"column":4},"end":{"line":34,"column":56}}},"fnMap":{"0":{"name":"(anonymous_0)","decl":{"start":{"line":8,"column":33},"end":{"line":8,"column":34}},"loc":{"start":{"line":8,"column":59},"end":{"line":11,"column":1}},"line":8},"1":{"name":"(anonymous_1)","decl":{"start":{"line":18,"column":29},"end":{"line":18,"column":30}},"loc":{"start":{"line":18,"column":55},"end":{"line":21,"column":1}},"line":18},"2":{"name":"(anonymous_2)","decl":{"start":{"line":22,"column":28},"end":{"line":22,"column":29}},"loc":{"start":{"line":22,"column":54},"end":{"line":25,"column":1}},"line":22},"3":{"name":"(anonymous_3)","decl":{"start":{"line":27,"column":32},"end":{"line":27,"column":33}},"loc":{"start":{"line":27,"column":58},"end":{"line":30,"column":1}},"line":27},"4":{"name":"(anonymous_4)","decl":{"start":{"line":32,"column":32},"end":{"line":32,"column":33}},"loc":{"start":{"line":32,"column":58},"end":{"line":35,"column":1}},"line":32}},"branchMap":{},"s":{"0":1,"1":1,"2":1,"3":1,"4":1,"5":1,"6":1,"7":1,"8":1,"9":1,"10":1,"11":1,"12":1,"13":1,"14":1,"15":1,"16":1,"17":1},"f":{"0":1,"1":1,"2":1,"3":1,"4":1},"b":{},"_coverageSchema":"1a1c01bbd47fc00a2c39e90264f33305004495a9","hash":"90d64379dea3fac8e14f0ac9a4f701ac89dc1f0e"}
,"C:\\Training\\blogsite\\database\\dbConfig.js": {"path":"C:\\Training\\blogsite\\database\\dbConfig.js","statementMap":{"0":{"start":{"line":2,"column":22},"end":{"line":2,"column":42}},"1":{"start":{"line":5,"column":11},"end":{"line":5,"column":13}},"2":{"start":{"line":7,"column":0},"end":{"line":7,"column":25}},"3":{"start":{"line":8,"column":18},"end":{"line":12,"column":2}},"4":{"start":{"line":13,"column":0},"end":{"line":13,"column":25}},"5":{"start":{"line":14,"column":0},"end":{"line":14,"column":20}}},"fnMap":{},"branchMap":{},"s":{"0":5,"1":5,"2":5,"3":5,"4":5,"5":5},"f":{},"b":{},"_coverageSchema":"1a1c01bbd47fc00a2c39e90264f33305004495a9","hash":"1a701d00bca2bbcb601f43224a8b75573dbe9561"}
,"C:\\Training\\blogsite\\helpers\\environments.js": {"path":"C:\\Training\\blogsite\\helpers\\environments.js","statementMap":{"0":{"start":{"line":1,"column":12},"end":{"line":1,"column":14}},"1":{"start":{"line":3,"column":0},"end":{"line":9,"column":2}},"2":{"start":{"line":11,"column":0},"end":{"line":17,"column":2}},"3":{"start":{"line":18,"column":16},"end":{"line":18,"column":36}},"4":{"start":{"line":21,"column":20},"end":{"line":21,"column":81}},"5":{"start":{"line":23,"column":0},"end":{"line":23,"column":29}}},"fnMap":{},"branchMap":{"0":{"loc":{"start":{"line":21,"column":20},"end":{"line":21,"column":81}},"type":"cond-expr","locations":[{"start":{"line":21,"column":55},"end":{"line":21,"column":67}},{"start":{"line":21,"column":70},"end":{"line":21,"column":81}}],"line":21}},"s":{"0":5,"1":5,"2":5,"3":5,"4":5,"5":5},"f":{},"b":{"0":[1,4]},"_coverageSchema":"1a1c01bbd47fc00a2c39e90264f33305004495a9","hash":"395b6f1aceee6e40d370c169d27622a63a1878e3"}
,"C:\\Training\\blogsite\\middlewares\\appError.js": {"path":"C:\\Training\\blogsite\\middlewares\\appError.js","statementMap":{"0":{"start":{"line":3,"column":8},"end":{"line":3,"column":23}},"1":{"start":{"line":4,"column":8},"end":{"line":4,"column":37}},"2":{"start":{"line":5,"column":8},"end":{"line":5,"column":75}},"3":{"start":{"line":6,"column":8},"end":{"line":6,"column":34}},"4":{"start":{"line":7,"column":8},"end":{"line":7,"column":56}},"5":{"start":{"line":11,"column":0},"end":{"line":11,"column":26}}},"fnMap":{"0":{"name":"(anonymous_0)","decl":{"start":{"line":2,"column":4},"end":{"line":2,"column":5}},"loc":{"start":{"line":2,"column":37},"end":{"line":8,"column":5}},"line":2}},"branchMap":{"0":{"loc":{"start":{"line":5,"column":22},"end":{"line":5,"column":74}},"type":"cond-expr","locations":[{"start":{"line":5,"column":56},"end":{"line":5,"column":64}},{"start":{"line":5,"column":67},"end":{"line":5,"column":74}}],"line":5}},"s":{"0":16,"1":16,"2":16,"3":16,"4":16,"5":6},"f":{"0":16},"b":{"0":[11,5]},"_coverageSchema":"1a1c01bbd47fc00a2c39e90264f33305004495a9","hash":"aeae8c278cf4f93396dcefeff54c98f56f31ae01"}
,"C:\\Training\\blogsite\\models\\storiesModel.js": {"path":"C:\\Training\\blogsite\\models\\storiesModel.js","statementMap":{"0":{"start":{"line":1,"column":22},"end":{"line":1,"column":42}},"1":{"start":{"line":2,"column":17},"end":{"line":2,"column":48}},"2":{"start":{"line":4,"column":14},"end":{"line":64,"column":2}},"3":{"start":{"line":66,"column":0},"end":{"line":66,"column":23}}},"fnMap":{},"branchMap":{},"s":{"0":2,"1":2,"2":2,"3":2},"f":{},"b":{},"_coverageSchema":"1a1c01bbd47fc00a2c39e90264f33305004495a9","hash":"65acda24dc397b9227a4770acd2c2af3ec1b7a3d"}
,"C:\\Training\\blogsite\\models\\usersModel.js": {"path":"C:\\Training\\blogsite\\models\\usersModel.js","statementMap":{"0":{"start":{"line":1,"column":31},"end":{"line":1,"column":51}},"1":{"start":{"line":2,"column":22},"end":{"line":2,"column":42}},"2":{"start":{"line":3,"column":17},"end":{"line":3,"column":48}},"3":{"start":{"line":4,"column":19},"end":{"line":4,"column":53}},"4":{"start":{"line":6,"column":13},"end":{"line":111,"column":1}},"5":{"start":{"line":113,"column":0},"end":{"line":119,"column":3}},"6":{"start":{"line":114,"column":4},"end":{"line":118,"column":5}},"7":{"start":{"line":115,"column":21},"end":{"line":115,"column":60}},"8":{"start":{"line":116,"column":8},"end":{"line":116,"column":28}},"9":{"start":{"line":117,"column":8},"end":{"line":117,"column":36}},"10":{"start":{"line":121,"column":0},"end":{"line":121,"column":22}}},"fnMap":{"0":{"name":"(anonymous_0)","decl":{"start":{"line":113,"column":30},"end":{"line":113,"column":31}},"loc":{"start":{"line":113,"column":45},"end":{"line":119,"column":1}},"line":113}},"branchMap":{"0":{"loc":{"start":{"line":114,"column":4},"end":{"line":118,"column":5}},"type":"if","locations":[{"start":{"line":114,"column":4},"end":{"line":118,"column":5}},{"start":{},"end":{}}],"line":114}},"s":{"0":3,"1":3,"2":3,"3":3,"4":3,"5":3,"6":0,"7":0,"8":0,"9":0,"10":3},"f":{"0":0},"b":{"0":[0,0]},"_coverageSchema":"1a1c01bbd47fc00a2c39e90264f33305004495a9","hash":"be9f9d6a6f35397d77bd78c54395f0fcf6ae0bd6"}
,"C:\\Training\\blogsite\\services\\storyServices.js": {"path":"C:\\Training\\blogsite\\services\\storyServices.js","statementMap":{"0":{"start":{"line":1,"column":14},"end":{"line":1,"column":47}},"1":{"start":{"line":2,"column":17},"end":{"line":2,"column":51}},"2":{"start":{"line":5,"column":0},"end":{"line":31,"column":2}},"3":{"start":{"line":7,"column":4},"end":{"line":12,"column":6}},"4":{"start":{"line":13,"column":4},"end":{"line":15,"column":5}},"5":{"start":{"line":14,"column":8},"end":{"line":14,"column":63}},"6":{"start":{"line":16,"column":4},"end":{"line":16,"column":21}},"7":{"start":{"line":17,"column":4},"end":{"line":21,"column":6}},"8":{"start":{"line":22,"column":4},"end":{"line":28,"column":5}},"9":{"start":{"line":23,"column":8},"end":{"line":23,"column":25}},"10":{"start":{"line":24,"column":8},"end":{"line":27,"column":10}},"11":{"start":{"line":29,"column":4},"end":{"line":29,"column":21}},"12":{"start":{"line":30,"column":4},"end":{"line":30,"column":16}},"13":{"start":{"line":33,"column":0},"end":{"line":62,"column":2}},"14":{"start":{"line":34,"column":13},"end":{"line":34,"column":14}},"15":{"start":{"line":35,"column":4},"end":{"line":37,"column":7}},"16":{"start":{"line":38,"column":4},"end":{"line":40,"column":5}},"17":{"start":{"line":39,"column":8},"end":{"line":39,"column":63}},"18":{"start":{"line":41,"column":4},"end":{"line":41,"column":12}},"19":{"start":{"line":42,"column":22},"end":{"line":50,"column":5}},"20":{"start":{"line":51,"column":4},"end":{"line":51,"column":34}},"21":{"start":{"line":52,"column":17},"end":{"line":59,"column":5}},"22":{"start":{"line":60,"column":4},"end":{"line":60,"column":21}},"23":{"start":{"line":61,"column":4},"end":{"line":61,"column":16}},"24":{"start":{"line":64,"column":0},"end":{"line":86,"column":2}},"25":{"start":{"line":65,"column":22},"end":{"line":65,"column":30}},"26":{"start":{"line":66,"column":4},"end":{"line":70,"column":5}},"27":{"start":{"line":67,"column":8},"end":{"line":67,"column":81}},"28":{"start":{"line":69,"column":8},"end":{"line":69,"column":59}},"29":{"start":{"line":71,"column":4},"end":{"line":72,"column":52}},"30":{"start":{"line":71,"column":30},"end":{"line":71,"column":81}},"31":{"start":{"line":72,"column":9},"end":{"line":72,"column":52}},"32":{"start":{"line":73,"column":4},"end":{"line":74,"column":52}},"33":{"start":{"line":73,"column":30},"end":{"line":73,"column":81}},"34":{"start":{"line":74,"column":9},"end":{"line":74,"column":52}},"35":{"start":{"line":75,"column":4},"end":{"line":79,"column":7}},"36":{"start":{"line":80,"column":17},"end":{"line":83,"column":5}},"37":{"start":{"line":84,"column":4},"end":{"line":84,"column":21}},"38":{"start":{"line":85,"column":4},"end":{"line":85,"column":16}},"39":{"start":{"line":88,"column":0},"end":{"line":100,"column":2}},"40":{"start":{"line":89,"column":4},"end":{"line":93,"column":7}},"41":{"start":{"line":94,"column":17},"end":{"line":97,"column":5}},"42":{"start":{"line":98,"column":4},"end":{"line":98,"column":21}},"43":{"start":{"line":99,"column":4},"end":{"line":99,"column":16}},"44":{"start":{"line":111,"column":0},"end":{"line":129,"column":2}},"45":{"start":{"line":113,"column":4},"end":{"line":115,"column":7}},"46":{"start":{"line":116,"column":4},"end":{"line":117,"column":74}},"47":{"start":{"line":117,"column":8},"end":{"line":117,"column":74}},"48":{"start":{"line":118,"column":4},"end":{"line":123,"column":6}},"49":{"start":{"line":124,"column":4},"end":{"line":126,"column":5}},"50":{"start":{"line":125,"column":8},"end":{"line":125,"column":44}},"51":{"start":{"line":127,"column":4},"end":{"line":127,"column":21}},"52":{"start":{"line":128,"column":4},"end":{"line":128,"column":16}}},"fnMap":{"0":{"name":"(anonymous_0)","decl":{"start":{"line":5,"column":19},"end":{"line":5,"column":20}},"loc":{"start":{"line":5,"column":45},"end":{"line":31,"column":1}},"line":5},"1":{"name":"(anonymous_1)","decl":{"start":{"line":33,"column":20},"end":{"line":33,"column":21}},"loc":{"start":{"line":33,"column":46},"end":{"line":62,"column":1}},"line":33},"2":{"name":"(anonymous_2)","decl":{"start":{"line":64,"column":22},"end":{"line":64,"column":23}},"loc":{"start":{"line":64,"column":48},"end":{"line":86,"column":1}},"line":64},"3":{"name":"(anonymous_3)","decl":{"start":{"line":88,"column":22},"end":{"line":88,"column":23}},"loc":{"start":{"line":88,"column":48},"end":{"line":100,"column":1}},"line":88},"4":{"name":"(anonymous_4)","decl":{"start":{"line":111,"column":24},"end":{"line":111,"column":25}},"loc":{"start":{"line":111,"column":50},"end":{"line":129,"column":1}},"line":111}},"branchMap":{"0":{"loc":{"start":{"line":13,"column":4},"end":{"line":15,"column":5}},"type":"if","locations":[{"start":{"line":13,"column":4},"end":{"line":15,"column":5}},{"start":{},"end":{}}],"line":13},"1":{"loc":{"start":{"line":13,"column":7},"end":{"line":13,"column":29}},"type":"binary-expr","locations":[{"start":{"line":13,"column":7},"end":{"line":13,"column":20}},{"start":{"line":13,"column":24},"end":{"line":13,"column":29}}],"line":13},"2":{"loc":{"start":{"line":22,"column":4},"end":{"line":28,"column":5}},"type":"if","locations":[{"start":{"line":22,"column":4},"end":{"line":28,"column":5}},{"start":{},"end":{}}],"line":22},"3":{"loc":{"start":{"line":38,"column":4},"end":{"line":40,"column":5}},"type":"if","locations":[{"start":{"line":38,"column":4},"end":{"line":40,"column":5}},{"start":{},"end":{}}],"line":38},"4":{"loc":{"start":{"line":66,"column":4},"end":{"line":70,"column":5}},"type":"if","locations":[{"start":{"line":66,"column":4},"end":{"line":70,"column":5}},{"start":{"line":68,"column":10},"end":{"line":70,"column":5}}],"line":66},"5":{"loc":{"start":{"line":71,"column":4},"end":{"line":72,"column":52}},"type":"if","locations":[{"start":{"line":71,"column":4},"end":{"line":72,"column":52}},{"start":{"line":72,"column":9},"end":{"line":72,"column":52}}],"line":71},"6":{"loc":{"start":{"line":73,"column":4},"end":{"line":74,"column":52}},"type":"if","locations":[{"start":{"line":73,"column":4},"end":{"line":74,"column":52}},{"start":{"line":74,"column":9},"end":{"line":74,"column":52}}],"line":73},"7":{"loc":{"start":{"line":116,"column":4},"end":{"line":117,"column":74}},"type":"if","locations":[{"start":{"line":116,"column":4},"end":{"line":117,"column":74}},{"start":{},"end":{}}],"line":116},"8":{"loc":{"start":{"line":124,"column":4},"end":{"line":126,"column":5}},"type":"if","locations":[{"start":{"line":124,"column":4},"end":{"line":126,"column":5}},{"start":{},"end":{}}],"line":124}},"s":{"0":2,"1":2,"2":2,"3":3,"4":3,"5":1,"6":2,"7":2,"8":2,"9":1,"10":1,"11":2,"12":2,"13":2,"14":2,"15":2,"16":2,"17":1,"18":1,"19":1,"20":1,"21":1,"22":1,"23":1,"24":2,"25":2,"26":2,"27":1,"28":1,"29":2,"30":1,"31":1,"32":2,"33":1,"34":1,"35":2,"36":2,"37":2,"38":2,"39":2,"40":1,"41":1,"42":1,"43":1,"44":2,"45":3,"46":3,"47":1,"48":2,"49":2,"50":1,"51":2,"52":2},"f":{"0":3,"1":2,"2":2,"3":1,"4":3},"b":{"0":[1,2],"1":[3,2],"2":[1,1],"3":[1,1],"4":[1,1],"5":[1,1],"6":[1,1],"7":[1,2],"8":[1,1]},"_coverageSchema":"1a1c01bbd47fc00a2c39e90264f33305004495a9","hash":"f5c51b571132369e58acd0d97551039a5a4d6f31"}
,"C:\\Training\\blogsite\\services\\userServices.js": {"path":"C:\\Training\\blogsite\\services\\userServices.js","statementMap":{"0":{"start":{"line":2,"column":13},"end":{"line":2,"column":44}},"1":{"start":{"line":3,"column":23},"end":{"line":3,"column":63}},"2":{"start":{"line":4,"column":17},"end":{"line":4,"column":51}},"3":{"start":{"line":8,"column":0},"end":{"line":34,"column":2}},"4":{"start":{"line":10,"column":4},"end":{"line":15,"column":7}},"5":{"start":{"line":16,"column":4},"end":{"line":24,"column":5}},"6":{"start":{"line":17,"column":8},"end":{"line":17,"column":63}},"7":{"start":{"line":19,"column":8},"end":{"line":23,"column":10}},"8":{"start":{"line":25,"column":4},"end":{"line":32,"column":25}},"9":{"start":{"line":26,"column":8},"end":{"line":26,"column":25}},"10":{"start":{"line":27,"column":8},"end":{"line":30,"column":10}},"11":{"start":{"line":32,"column":8},"end":{"line":32,"column":25}},"12":{"start":{"line":33,"column":4},"end":{"line":33,"column":16}},"13":{"start":{"line":36,"column":0},"end":{"line":57,"column":2}},"14":{"start":{"line":37,"column":21},"end":{"line":44,"column":5}},"15":{"start":{"line":45,"column":4},"end":{"line":45,"column":32}},"16":{"start":{"line":46,"column":18},"end":{"line":46,"column":74}},"17":{"start":{"line":47,"column":17},"end":{"line":54,"column":5}},"18":{"start":{"line":55,"column":4},"end":{"line":55,"column":21}},"19":{"start":{"line":56,"column":4},"end":{"line":56,"column":16}},"20":{"start":{"line":59,"column":0},"end":{"line":82,"column":2}},"21":{"start":{"line":61,"column":21},"end":{"line":61,"column":29}},"22":{"start":{"line":62,"column":4},"end":{"line":68,"column":5}},"23":{"start":{"line":63,"column":8},"end":{"line":63,"column":61}},"24":{"start":{"line":64,"column":8},"end":{"line":64,"column":76}},"25":{"start":{"line":65,"column":8},"end":{"line":65,"column":40}},"26":{"start":{"line":67,"column":8},"end":{"line":67,"column":41}},"27":{"start":{"line":69,"column":4},"end":{"line":73,"column":7}},"28":{"start":{"line":74,"column":17},"end":{"line":79,"column":5}},"29":{"start":{"line":80,"column":4},"end":{"line":80,"column":21}},"30":{"start":{"line":81,"column":4},"end":{"line":81,"column":16}},"31":{"start":{"line":84,"column":0},"end":{"line":96,"column":2}},"32":{"start":{"line":85,"column":4},"end":{"line":89,"column":7}},"33":{"start":{"line":90,"column":17},"end":{"line":93,"column":5}},"34":{"start":{"line":94,"column":4},"end":{"line":94,"column":21}},"35":{"start":{"line":95,"column":4},"end":{"line":95,"column":16}},"36":{"start":{"line":111,"column":0},"end":{"line":133,"column":2}},"37":{"start":{"line":113,"column":4},"end":{"line":115,"column":7}},"38":{"start":{"line":116,"column":4},"end":{"line":126,"column":5}},"39":{"start":{"line":117,"column":8},"end":{"line":117,"column":25}},"40":{"start":{"line":118,"column":8},"end":{"line":118,"column":74}},"41":{"start":{"line":120,"column":8},"end":{"line":125,"column":10}},"42":{"start":{"line":127,"column":4},"end":{"line":131,"column":25}},"43":{"start":{"line":128,"column":8},"end":{"line":128,"column":25}},"44":{"start":{"line":129,"column":8},"end":{"line":129,"column":42}},"45":{"start":{"line":131,"column":8},"end":{"line":131,"column":25}},"46":{"start":{"line":132,"column":4},"end":{"line":132,"column":16}}},"fnMap":{"0":{"name":"(anonymous_0)","decl":{"start":{"line":8,"column":18},"end":{"line":8,"column":19}},"loc":{"start":{"line":8,"column":44},"end":{"line":34,"column":1}},"line":8},"1":{"name":"(anonymous_1)","decl":{"start":{"line":36,"column":17},"end":{"line":36,"column":18}},"loc":{"start":{"line":36,"column":43},"end":{"line":57,"column":1}},"line":36},"2":{"name":"(anonymous_2)","decl":{"start":{"line":59,"column":21},"end":{"line":59,"column":22}},"loc":{"start":{"line":59,"column":47},"end":{"line":82,"column":1}},"line":59},"3":{"name":"(anonymous_3)","decl":{"start":{"line":84,"column":21},"end":{"line":84,"column":22}},"loc":{"start":{"line":84,"column":47},"end":{"line":96,"column":1}},"line":84},"4":{"name":"(anonymous_4)","decl":{"start":{"line":111,"column":22},"end":{"line":111,"column":23}},"loc":{"start":{"line":111,"column":48},"end":{"line":133,"column":1}},"line":111}},"branchMap":{"0":{"loc":{"start":{"line":16,"column":4},"end":{"line":24,"column":5}},"type":"if","locations":[{"start":{"line":16,"column":4},"end":{"line":24,"column":5}},{"start":{"line":18,"column":10},"end":{"line":24,"column":5}}],"line":16},"1":{"loc":{"start":{"line":16,"column":7},"end":{"line":16,"column":29}},"type":"binary-expr","locations":[{"start":{"line":16,"column":7},"end":{"line":16,"column":20}},{"start":{"line":16,"column":24},"end":{"line":16,"column":29}}],"line":16},"2":{"loc":{"start":{"line":25,"column":4},"end":{"line":32,"column":25}},"type":"if","locations":[{"start":{"line":25,"column":4},"end":{"line":32,"column":25}},{"start":{"line":32,"column":8},"end":{"line":32,"column":25}}],"line":25},"3":{"loc":{"start":{"line":62,"column":4},"end":{"line":68,"column":5}},"type":"if","locations":[{"start":{"line":62,"column":4},"end":{"line":68,"column":5}},{"start":{"line":66,"column":10},"end":{"line":68,"column":5}}],"line":62},"4":{"loc":{"start":{"line":116,"column":4},"end":{"line":126,"column":5}},"type":"if","locations":[{"start":{"line":116,"column":4},"end":{"line":126,"column":5}},{"start":{"line":119,"column":11},"end":{"line":126,"column":5}}],"line":116},"5":{"loc":{"start":{"line":127,"column":4},"end":{"line":131,"column":25}},"type":"if","locations":[{"start":{"line":127,"column":4},"end":{"line":131,"column":25}},{"start":{"line":131,"column":8},"end":{"line":131,"column":25}}],"line":127}},"s":{"0":2,"1":2,"2":2,"3":2,"4":3,"5":3,"6":1,"7":2,"8":2,"9":1,"10":1,"11":1,"12":2,"13":2,"14":1,"15":1,"16":1,"17":1,"18":1,"19":1,"20":2,"21":2,"22":2,"23":1,"24":1,"25":1,"26":1,"27":2,"28":2,"29":2,"30":2,"31":2,"32":1,"33":1,"34":1,"35":1,"36":2,"37":3,"38":3,"39":1,"40":1,"41":2,"42":2,"43":1,"44":1,"45":1,"46":2},"f":{"0":3,"1":1,"2":2,"3":1,"4":3},"b":{"0":[1,2],"1":[3,2],"2":[1,1],"3":[1,1],"4":[1,2],"5":[1,1]},"_coverageSchema":"1a1c01bbd47fc00a2c39e90264f33305004495a9","hash":"3f54e9c4ba5d9f4e775f20cc372814299a0478b3"}
,"C:\\Training\\blogsite\\utilities\\catchAsync.js": {"path":"C:\\Training\\blogsite\\utilities\\catchAsync.js","statementMap":{"0":{"start":{"line":1,"column":0},"end":{"line":3,"column":2}},"1":{"start":{"line":1,"column":25},"end":{"line":3,"column":1}},"2":{"start":{"line":2,"column":4},"end":{"line":2,"column":35}}},"fnMap":{"0":{"name":"(anonymous_0)","decl":{"start":{"line":1,"column":17},"end":{"line":1,"column":18}},"loc":{"start":{"line":1,"column":25},"end":{"line":3,"column":1}},"line":1},"1":{"name":"(anonymous_1)","decl":{"start":{"line":1,"column":25},"end":{"line":1,"column":26}},"loc":{"start":{"line":1,"column":45},"end":{"line":3,"column":1}},"line":1}},"branchMap":{},"s":{"0":4,"1":16,"2":18},"f":{"0":16,"1":18},"b":{},"_coverageSchema":"1a1c01bbd47fc00a2c39e90264f33305004495a9","hash":"c9ddde91fef01b9c01bcc308b0f523e9bba3e9d9"}
,"C:\\Training\\blogsite\\utilities\\contentNegotiation.js": {"path":"C:\\Training\\blogsite\\utilities\\contentNegotiation.js","statementMap":{"0":{"start":{"line":1,"column":18},"end":{"line":1,"column":38}},"1":{"start":{"line":2,"column":17},"end":{"line":2,"column":51}},"2":{"start":{"line":4,"column":0},"end":{"line":38,"column":2}},"3":{"start":{"line":6,"column":16},"end":{"line":6,"column":56}},"4":{"start":{"line":7,"column":4},"end":{"line":10,"column":5}},"5":{"start":{"line":7,"column":17},"end":{"line":7,"column":18}},"6":{"start":{"line":8,"column":28},"end":{"line":8,"column":45}},"7":{"start":{"line":9,"column":8},"end":{"line":9,"column":22}},"8":{"start":{"line":11,"column":15},"end":{"line":11,"column":47}},"9":{"start":{"line":12,"column":21},"end":{"line":12,"column":24}},"10":{"start":{"line":13,"column":4},"end":{"line":17,"column":5}},"11":{"start":{"line":14,"column":8},"end":{"line":14,"column":32}},"12":{"start":{"line":16,"column":8},"end":{"line":16,"column":25}},"13":{"start":{"line":18,"column":4},"end":{"line":19,"column":35}},"14":{"start":{"line":18,"column":22},"end":{"line":18,"column":46}},"15":{"start":{"line":19,"column":9},"end":{"line":19,"column":35}},"16":{"start":{"line":20,"column":18},"end":{"line":20,"column":33}},"17":{"start":{"line":21,"column":4},"end":{"line":23,"column":33}},"18":{"start":{"line":21,"column":31},"end":{"line":21,"column":54}},"19":{"start":{"line":22,"column":9},"end":{"line":23,"column":33}},"20":{"start":{"line":22,"column":36},"end":{"line":22,"column":58}},"21":{"start":{"line":23,"column":9},"end":{"line":23,"column":33}},"22":{"start":{"line":25,"column":4},"end":{"line":27,"column":5}},"23":{"start":{"line":25,"column":26},"end":{"line":25,"column":59}},"24":{"start":{"line":26,"column":8},"end":{"line":26,"column":92}},"25":{"start":{"line":28,"column":4},"end":{"line":30,"column":5}},"26":{"start":{"line":28,"column":41},"end":{"line":28,"column":54}},"27":{"start":{"line":29,"column":8},"end":{"line":29,"column":92}},"28":{"start":{"line":31,"column":4},"end":{"line":34,"column":5}},"29":{"start":{"line":31,"column":26},"end":{"line":31,"column":45}},"30":{"start":{"line":32,"column":8},"end":{"line":32,"column":38}},"31":{"start":{"line":33,"column":8},"end":{"line":33,"column":85}},"32":{"start":{"line":36,"column":4},"end":{"line":36,"column":21}},"33":{"start":{"line":36,"column":22},"end":{"line":36,"column":38}},"34":{"start":{"line":37,"column":4},"end":{"line":37,"column":77}}},"fnMap":{"0":{"name":"(anonymous_0)","decl":{"start":{"line":4,"column":24},"end":{"line":4,"column":25}},"loc":{"start":{"line":4,"column":56},"end":{"line":38,"column":1}},"line":4},"1":{"name":"(anonymous_1)","decl":{"start":{"line":25,"column":17},"end":{"line":25,"column":18}},"loc":{"start":{"line":25,"column":26},"end":{"line":25,"column":59}},"line":25},"2":{"name":"(anonymous_2)","decl":{"start":{"line":28,"column":32},"end":{"line":28,"column":33}},"loc":{"start":{"line":28,"column":41},"end":{"line":28,"column":54}},"line":28},"3":{"name":"(anonymous_3)","decl":{"start":{"line":31,"column":17},"end":{"line":31,"column":18}},"loc":{"start":{"line":31,"column":26},"end":{"line":31,"column":45}},"line":31}},"branchMap":{"0":{"loc":{"start":{"line":13,"column":4},"end":{"line":17,"column":5}},"type":"if","locations":[{"start":{"line":13,"column":4},"end":{"line":17,"column":5}},{"start":{"line":15,"column":10},"end":{"line":17,"column":5}}],"line":13},"1":{"loc":{"start":{"line":18,"column":4},"end":{"line":19,"column":35}},"type":"if","locations":[{"start":{"line":18,"column":4},"end":{"line":19,"column":35}},{"start":{"line":19,"column":9},"end":{"line":19,"column":35}}],"line":18},"2":{"loc":{"start":{"line":21,"column":4},"end":{"line":23,"column":33}},"type":"if","locations":[{"start":{"line":21,"column":4},"end":{"line":23,"column":33}},{"start":{"line":22,"column":9},"end":{"line":23,"column":33}}],"line":21},"3":{"loc":{"start":{"line":22,"column":9},"end":{"line":23,"column":33}},"type":"if","locations":[{"start":{"line":22,"column":9},"end":{"line":23,"column":33}},{"start":{"line":23,"column":9},"end":{"line":23,"column":33}}],"line":22},"4":{"loc":{"start":{"line":25,"column":4},"end":{"line":27,"column":5}},"type":"if","locations":[{"start":{"line":25,"column":4},"end":{"line":27,"column":5}},{"start":{},"end":{}}],"line":25},"5":{"loc":{"start":{"line":28,"column":4},"end":{"line":30,"column":5}},"type":"if","locations":[{"start":{"line":28,"column":4},"end":{"line":30,"column":5}},{"start":{},"end":{}}],"line":28},"6":{"loc":{"start":{"line":28,"column":8},"end":{"line":28,"column":55}},"type":"binary-expr","locations":[{"start":{"line":28,"column":8},"end":{"line":28,"column":19}},{"start":{"line":28,"column":23},"end":{"line":28,"column":55}}],"line":28},"7":{"loc":{"start":{"line":31,"column":4},"end":{"line":34,"column":5}},"type":"if","locations":[{"start":{"line":31,"column":4},"end":{"line":34,"column":5}},{"start":{},"end":{}}],"line":31}},"s":{"0":5,"1":5,"2":5,"3":5,"4":4,"5":4,"6":5,"7":5,"8":4,"9":4,"10":4,"11":3,"12":1,"13":4,"14":2,"15":2,"16":4,"17":4,"18":1,"19":3,"20":1,"21":2,"22":4,"23":5,"24":1,"25":3,"26":4,"27":1,"28":2,"29":2,"30":1,"31":1,"32":1,"33":1,"34":1},"f":{"0":5,"1":5,"2":4,"3":2},"b":{"0":[3,1],"1":[2,2],"2":[1,3],"3":[1,2],"4":[1,3],"5":[1,2],"6":[3,3],"7":[1,1]},"_coverageSchema":"1a1c01bbd47fc00a2c39e90264f33305004495a9","hash":"9988bb43c74fe30d7f66f31794846e4b9dedacca"}
,"C:\\Training\\blogsite\\utilities\\hashString.js": {"path":"C:\\Training\\blogsite\\utilities\\hashString.js","statementMap":{"0":{"start":{"line":2,"column":15},"end":{"line":2,"column":34}},"1":{"start":{"line":4,"column":19},"end":{"line":4,"column":21}},"2":{"start":{"line":6,"column":0},"end":{"line":9,"column":2}},"3":{"start":{"line":7,"column":17},"end":{"line":7,"column":43}},"4":{"start":{"line":8,"column":4},"end":{"line":8,"column":16}},"5":{"start":{"line":11,"column":0},"end":{"line":14,"column":2}},"6":{"start":{"line":12,"column":17},"end":{"line":12,"column":53}},"7":{"start":{"line":13,"column":4},"end":{"line":13,"column":16}},"8":{"start":{"line":15,"column":0},"end":{"line":15,"column":28}}},"fnMap":{"0":{"name":"(anonymous_0)","decl":{"start":{"line":6,"column":22},"end":{"line":6,"column":23}},"loc":{"start":{"line":6,"column":37},"end":{"line":9,"column":1}},"line":6},"1":{"name":"(anonymous_1)","decl":{"start":{"line":11,"column":23},"end":{"line":11,"column":24}},"loc":{"start":{"line":11,"column":49},"end":{"line":14,"column":1}},"line":11}},"branchMap":{},"s":{"0":4,"1":4,"2":4,"3":1,"4":1,"5":4,"6":2,"7":2,"8":4},"f":{"0":1,"1":2},"b":{},"_coverageSchema":"1a1c01bbd47fc00a2c39e90264f33305004495a9","hash":"58745c4e5d76e18070820ccfbdeebcf38f830382"}
}
