TN:
SF:controllers\authController.js
FN:12,(anonymous_0)
FN:19,(anonymous_1)
FN:40,(anonymous_2)
FN:72,(anonymous_3)
FN:112,(anonymous_4)
FNF:5
FNH:5
FNDA:7,(anonymous_0)
FNDA:10,(anonymous_1)
FNDA:4,(anonymous_2)
FNDA:4,(anonymous_3)
FNDA:1,(anonymous_4)
DA:2,3
DA:3,3
DA:4,3
DA:5,3
DA:6,3
DA:7,3
DA:8,3
DA:9,3
DA:12,3
DA:13,7
DA:16,7
DA:19,3
DA:22,10
DA:23,9
DA:24,9
DA:26,1
DA:27,1
DA:31,9
DA:32,9
DA:34,1
DA:36,8
DA:37,6
DA:40,3
DA:44,4
DA:46,4
DA:47,1
DA:49,3
DA:53,3
DA:60,3
DA:61,1
DA:64,2
DA:65,1
DA:67,1
DA:72,3
DA:76,4
DA:77,1
DA:78,1
DA:80,3
DA:84,3
DA:91,3
DA:92,1
DA:93,1
DA:96,2
DA:97,2
DA:98,1
DA:99,1
DA:100,1
DA:101,1
DA:102,1
DA:109,1
DA:112,3
DA:114,1
DA:115,1
DA:116,1
DA:122,1
DA:123,1
LF:56
LH:56
BRDA:22,0,0,9
BRDA:22,0,1,1
BRDA:22,1,0,10
BRDA:22,1,1,10
BRDA:36,2,0,2
BRDA:36,2,1,6
BRDA:46,3,0,1
BRDA:46,3,1,3
BRDA:46,4,0,4
BRDA:46,4,1,3
BRDA:60,5,0,1
BRDA:60,5,1,2
BRDA:64,6,0,1
BRDA:64,6,1,1
BRDA:76,7,0,1
BRDA:76,7,1,3
BRDA:76,8,0,4
BRDA:76,8,1,3
BRDA:91,9,0,1
BRDA:91,9,1,2
BRDA:97,10,0,1
BRDA:97,10,1,1
BRF:22
BRH:22
end_of_record
TN:
SF:controllers\errorController.js
FN:1,(anonymous_0)
FNF:1
FNH:1
FNDA:4,(anonymous_0)
DA:1,1
DA:3,4
DA:7,4
DA:8,2
DA:9,2
DA:10,2
DA:11,1
DA:13,1
DA:14,1
DA:16,4
DA:17,1
DA:19,4
DA:20,4
DA:21,4
DA:22,5
DA:23,4
DA:24,1
DA:25,1
DA:27,3
DA:28,2
DA:29,2
DA:33,4
DA:37,4
LF:23
LH:23
BRDA:3,0,0,4
BRDA:3,0,1,3
BRDA:7,1,0,2
BRDA:7,1,1,2
BRDA:10,2,0,1
BRDA:10,2,1,1
BRDA:16,3,0,1
BRDA:16,3,1,3
BRDA:23,4,0,1
BRDA:23,4,1,3
BRDA:23,5,0,4
BRDA:23,5,1,1
BRDA:27,6,0,2
BRDA:27,6,1,1
BRDA:27,7,0,3
BRDA:27,7,1,2
BRF:16
BRH:16
end_of_record
TN:
SF:controllers\storyController.js
FN:8,(anonymous_0)
FN:18,(anonymous_1)
FN:23,(anonymous_2)
FN:28,(anonymous_3)
FN:33,(anonymous_4)
FNF:5
FNH:5
FNDA:1,(anonymous_0)
FNDA:1,(anonymous_1)
FNDA:1,(anonymous_2)
FNDA:1,(anonymous_3)
FNDA:1,(anonymous_4)
DA:2,1
DA:3,1
DA:4,1
DA:8,1
DA:9,1
DA:10,1
DA:18,1
DA:19,1
DA:20,1
DA:23,1
DA:24,1
DA:25,1
DA:28,1
DA:29,1
DA:30,1
DA:33,1
DA:34,1
DA:35,1
LF:18
LH:18
BRF:0
BRH:0
end_of_record
TN:
SF:controllers\userController.js
FN:8,(anonymous_0)
FN:18,(anonymous_1)
FN:22,(anonymous_2)
FN:27,(anonymous_3)
FN:32,(anonymous_4)
FNF:5
FNH:5
FNDA:1,(anonymous_0)
FNDA:1,(anonymous_1)
FNDA:1,(anonymous_2)
FNDA:1,(anonymous_3)
FNDA:1,(anonymous_4)
DA:2,1
DA:3,1
DA:4,1
DA:8,1
DA:9,1
DA:10,1
DA:18,1
DA:19,1
DA:20,1
DA:22,1
DA:23,1
DA:24,1
DA:27,1
DA:28,1
DA:29,1
DA:32,1
DA:33,1
DA:34,1
LF:18
LH:18
BRF:0
BRH:0
end_of_record
TN:
SF:database\dbConfig.js
FNF:0
FNH:0
DA:2,5
DA:5,5
DA:7,5
DA:8,5
DA:14,5
DA:15,5
LF:6
LH:6
BRF:0
BRH:0
end_of_record
TN:
SF:helpers\environments.js
FNF:0
FNH:0
DA:1,5
DA:3,5
DA:11,5
DA:18,5
DA:21,5
DA:23,5
LF:6
LH:6
BRDA:21,0,0,1
BRDA:21,0,1,4
BRF:2
BRH:2
end_of_record
TN:
SF:middlewares\appError.js
FN:2,(anonymous_0)
FNF:1
FNH:1
FNDA:17,(anonymous_0)
DA:3,17
DA:4,17
DA:5,17
DA:6,17
DA:7,17
DA:11,6
LF:6
LH:6
BRDA:5,0,0,12
BRDA:5,0,1,5
BRF:2
BRH:2
end_of_record
TN:
SF:models\storiesModel.js
FNF:0
FNH:0
DA:1,2
DA:2,2
DA:4,2
DA:66,2
LF:4
LH:4
BRF:0
BRH:0
end_of_record
TN:
SF:models\usersModel.js
FN:113,(anonymous_0)
FNF:1
FNH:0
FNDA:0,(anonymous_0)
DA:1,3
DA:2,3
DA:3,3
DA:4,3
DA:6,3
DA:113,3
DA:114,0
DA:115,0
DA:116,0
DA:117,0
DA:121,3
LF:11
LH:7
BRDA:114,0,0,0
BRDA:114,0,1,0
BRF:2
BRH:0
end_of_record
TN:
SF:services\storyServices.js
FN:5,(anonymous_0)
FN:29,(anonymous_1)
FN:60,(anonymous_2)
FN:84,(anonymous_3)
FN:107,(anonymous_4)
FNF:5
FNH:5
FNDA:3,(anonymous_0)
FNDA:2,(anonymous_1)
FNDA:2,(anonymous_2)
FNDA:1,(anonymous_3)
FNDA:3,(anonymous_4)
DA:1,2
DA:2,2
DA:5,2
DA:7,3
DA:13,3
DA:14,1
DA:16,2
DA:17,2
DA:22,2
DA:23,1
DA:25,1
DA:26,1
DA:29,2
DA:30,2
DA:31,2
DA:34,2
DA:35,1
DA:37,1
DA:38,1
DA:47,1
DA:48,1
DA:56,1
DA:57,1
DA:60,2
DA:61,2
DA:62,2
DA:63,1
DA:65,1
DA:67,2
DA:68,1
DA:69,2
DA:70,1
DA:71,2
DA:76,2
DA:80,2
DA:81,2
DA:84,2
DA:85,1
DA:90,1
DA:94,1
DA:95,1
DA:107,2
DA:109,3
DA:112,3
DA:113,2
DA:119,2
DA:120,1
DA:122,2
DA:123,2
LF:49
LH:49
BRDA:13,0,0,1
BRDA:13,0,1,2
BRDA:13,1,0,3
BRDA:13,1,1,2
BRDA:22,2,0,1
BRDA:22,2,1,1
BRDA:34,3,0,1
BRDA:34,3,1,1
BRDA:62,4,0,1
BRDA:62,4,1,1
BRDA:67,5,0,1
BRDA:67,5,1,1
BRDA:69,6,0,1
BRDA:69,6,1,1
BRDA:112,7,0,1
BRDA:112,7,1,2
BRDA:119,8,0,1
BRDA:119,8,1,1
BRF:18
BRH:18
end_of_record
TN:
SF:services\userServices.js
FN:8,(anonymous_0)
FN:37,(anonymous_1)
FN:60,(anonymous_2)
FN:85,(anonymous_3)
FN:112,(anonymous_4)
FNF:5
FNH:5
FNDA:3,(anonymous_0)
FNDA:1,(anonymous_1)
FNDA:2,(anonymous_2)
FNDA:1,(anonymous_3)
FNDA:3,(anonymous_4)
DA:2,2
DA:3,2
DA:4,2
DA:8,2
DA:10,3
DA:18,3
DA:19,1
DA:21,2
DA:27,2
DA:28,1
DA:29,1
DA:33,1
DA:34,2
DA:37,2
DA:38,1
DA:46,1
DA:47,1
DA:48,1
DA:56,1
DA:57,1
DA:60,2
DA:62,2
DA:63,2
DA:64,1
DA:65,1
DA:66,1
DA:68,1
DA:70,2
DA:75,2
DA:81,2
DA:82,2
DA:85,2
DA:86,1
DA:91,1
DA:95,1
DA:96,1
DA:112,2
DA:114,3
DA:119,3
DA:120,1
DA:121,1
DA:123,2
DA:130,2
DA:131,1
DA:132,1
DA:133,1
DA:134,2
LF:47
LH:47
BRDA:18,0,0,1
BRDA:18,0,1,2
BRDA:18,1,0,3
BRDA:18,1,1,2
BRDA:27,2,0,1
BRDA:27,2,1,1
BRDA:63,3,0,1
BRDA:63,3,1,1
BRDA:119,4,0,1
BRDA:119,4,1,2
BRDA:130,5,0,1
BRDA:130,5,1,1
BRF:12
BRH:12
end_of_record
TN:
SF:utilities\catchAsync.js
FN:1,(anonymous_0)
FN:1,(anonymous_1)
FNF:2
FNH:2
FNDA:19,(anonymous_0)
FNDA:19,(anonymous_1)
DA:1,19
DA:2,19
LF:2
LH:2
BRF:0
BRH:0
end_of_record
TN:
SF:utilities\contentNegotiation.js
FN:4,(anonymous_0)
FN:25,(anonymous_1)
FN:28,(anonymous_2)
FN:31,(anonymous_3)
FNF:4
FNH:4
FNDA:6,(anonymous_0)
FNDA:5,(anonymous_1)
FNDA:4,(anonymous_2)
FNDA:2,(anonymous_3)
DA:1,5
DA:2,5
DA:4,5
DA:6,6
DA:7,4
DA:8,5
DA:9,5
DA:11,4
DA:12,4
DA:13,4
DA:14,3
DA:16,1
DA:18,4
DA:19,2
DA:20,4
DA:21,4
DA:22,3
DA:23,2
DA:25,5
DA:26,1
DA:28,4
DA:29,1
DA:31,2
DA:32,1
DA:33,1
DA:36,1
DA:37,1
DA:38,1
LF:28
LH:28
BRDA:13,0,0,3
BRDA:13,0,1,1
BRDA:18,1,0,2
BRDA:18,1,1,2
BRDA:21,2,0,1
BRDA:21,2,1,3
BRDA:22,3,0,1
BRDA:22,3,1,2
BRDA:25,4,0,1
BRDA:25,4,1,3
BRDA:28,5,0,1
BRDA:28,5,1,2
BRDA:28,6,0,3
BRDA:28,6,1,3
BRDA:31,7,0,1
BRDA:31,7,1,1
BRF:16
BRH:16
end_of_record
TN:
SF:utilities\hashString.js
FN:6,(anonymous_0)
FN:11,(anonymous_1)
FNF:2
FNH:2
FNDA:1,(anonymous_0)
FNDA:2,(anonymous_1)
DA:2,4
DA:4,4
DA:6,4
DA:7,1
DA:8,1
DA:11,4
DA:12,2
DA:13,2
DA:15,4
LF:9
LH:9
BRF:0
BRH:0
end_of_record
