TN:
SF:controllers\authController.js
FN:12,(anonymous_0)
FN:19,(anonymous_1)
FN:39,(anonymous_2)
FN:67,(anonymous_3)
FNF:4
FNH:4
FNDA:7,(anonymous_0)
FNDA:10,(anonymous_1)
FNDA:4,(anonymous_2)
FNDA:4,(anonymous_3)
DA:2,3
DA:3,3
DA:4,3
DA:5,3
DA:6,3
DA:7,3
DA:8,3
DA:9,3
DA:12,3
DA:13,7
DA:16,7
DA:19,3
DA:22,10
DA:23,9
DA:24,9
DA:26,1
DA:30,9
DA:31,9
DA:33,1
DA:35,8
DA:36,6
DA:39,3
DA:40,4
DA:41,4
DA:42,1
DA:44,3
DA:48,3
DA:55,3
DA:56,1
DA:59,2
DA:60,1
DA:62,1
DA:67,3
DA:71,4
DA:72,1
DA:73,1
DA:75,3
DA:79,3
DA:86,3
DA:87,1
DA:88,1
DA:91,2
DA:92,2
DA:93,1
DA:94,1
DA:95,1
DA:96,1
DA:97,1
DA:104,1
LF:49
LH:49
BRDA:22,0,0,9
BRDA:22,0,1,1
BRDA:22,1,0,10
BRDA:22,1,1,10
BRDA:35,2,0,2
BRDA:35,2,1,6
BRDA:41,3,0,1
BRDA:41,3,1,3
BRDA:41,4,0,4
BRDA:41,4,1,3
BRDA:55,5,0,1
BRDA:55,5,1,2
BRDA:59,6,0,1
BRDA:59,6,1,1
BRDA:71,7,0,1
BRDA:71,7,1,3
BRDA:71,8,0,4
BRDA:71,8,1,3
BRDA:86,9,0,1
BRDA:86,9,1,2
BRDA:92,10,0,1
BRDA:92,10,1,1
BRF:22
BRH:22
end_of_record
TN:
SF:controllers\errorController.js
FN:1,(anonymous_0)
FNF:1
FNH:1
FNDA:3,(anonymous_0)
DA:1,1
DA:3,3
DA:7,3
DA:8,1
DA:9,1
DA:10,2
DA:11,1
DA:13,1
DA:15,3
DA:19,3
LF:10
LH:10
BRDA:3,0,0,3
BRDA:3,0,1,2
BRDA:7,1,0,1
BRDA:7,1,1,2
BRDA:10,2,0,1
BRDA:10,2,1,1
BRF:6
BRH:6
end_of_record
TN:
SF:controllers\storyController.js
FN:8,(anonymous_0)
FN:18,(anonymous_1)
FN:23,(anonymous_2)
FN:28,(anonymous_3)
FN:33,(anonymous_4)
FNF:5
FNH:5
FNDA:1,(anonymous_0)
FNDA:1,(anonymous_1)
FNDA:1,(anonymous_2)
FNDA:1,(anonymous_3)
FNDA:1,(anonymous_4)
DA:2,1
DA:3,1
DA:4,1
DA:8,1
DA:9,1
DA:10,1
DA:18,1
DA:19,1
DA:20,1
DA:23,1
DA:24,1
DA:25,1
DA:28,1
DA:29,1
DA:30,1
DA:33,1
DA:34,1
DA:35,1
LF:18
LH:18
BRF:0
BRH:0
end_of_record
TN:
SF:controllers\userController.js
FN:8,(anonymous_0)
FN:18,(anonymous_1)
FN:22,(anonymous_2)
FN:27,(anonymous_3)
FN:32,(anonymous_4)
FNF:5
FNH:5
FNDA:1,(anonymous_0)
FNDA:1,(anonymous_1)
FNDA:1,(anonymous_2)
FNDA:1,(anonymous_3)
FNDA:1,(anonymous_4)
DA:2,1
DA:3,1
DA:4,1
DA:8,1
DA:9,1
DA:10,1
DA:18,1
DA:19,1
DA:20,1
DA:22,1
DA:23,1
DA:24,1
DA:27,1
DA:28,1
DA:29,1
DA:32,1
DA:33,1
DA:34,1
LF:18
LH:18
BRF:0
BRH:0
end_of_record
TN:
SF:database\dbConfig.js
FNF:0
FNH:0
DA:2,5
DA:5,5
DA:7,5
DA:8,5
DA:13,5
DA:14,5
LF:6
LH:6
BRF:0
BRH:0
end_of_record
TN:
SF:helpers\environments.js
FNF:0
FNH:0
DA:1,5
DA:3,5
DA:11,5
DA:18,5
DA:21,5
DA:23,5
LF:6
LH:6
BRDA:21,0,0,1
BRDA:21,0,1,4
BRF:2
BRH:2
end_of_record
TN:
SF:middlewares\appError.js
FN:2,(anonymous_0)
FNF:1
FNH:1
FNDA:16,(anonymous_0)
DA:3,16
DA:4,16
DA:5,16
DA:6,16
DA:7,16
DA:11,6
LF:6
LH:6
BRDA:5,0,0,11
BRDA:5,0,1,5
BRF:2
BRH:2
end_of_record
TN:
SF:models\storiesModel.js
FNF:0
FNH:0
DA:1,2
DA:2,2
DA:4,2
DA:66,2
LF:4
LH:4
BRF:0
BRH:0
end_of_record
TN:
SF:models\usersModel.js
FN:113,(anonymous_0)
FNF:1
FNH:0
FNDA:0,(anonymous_0)
DA:1,3
DA:2,3
DA:3,3
DA:4,3
DA:6,3
DA:113,3
DA:114,0
DA:115,0
DA:116,0
DA:117,0
DA:121,3
LF:11
LH:7
BRDA:114,0,0,0
BRDA:114,0,1,0
BRF:2
BRH:0
end_of_record
TN:
SF:services\storyServices.js
FN:5,(anonymous_0)
FN:33,(anonymous_1)
FN:64,(anonymous_2)
FN:88,(anonymous_3)
FN:111,(anonymous_4)
FNF:5
FNH:5
FNDA:3,(anonymous_0)
FNDA:2,(anonymous_1)
FNDA:2,(anonymous_2)
FNDA:1,(anonymous_3)
FNDA:3,(anonymous_4)
DA:1,2
DA:2,2
DA:5,2
DA:7,3
DA:13,3
DA:14,1
DA:16,2
DA:17,2
DA:22,2
DA:23,1
DA:24,1
DA:29,2
DA:30,2
DA:33,2
DA:34,2
DA:35,2
DA:38,2
DA:39,1
DA:41,1
DA:42,1
DA:51,1
DA:52,1
DA:60,1
DA:61,1
DA:64,2
DA:65,2
DA:66,2
DA:67,1
DA:69,1
DA:71,2
DA:72,1
DA:73,2
DA:74,1
DA:75,2
DA:80,2
DA:84,2
DA:85,2
DA:88,2
DA:89,1
DA:94,1
DA:98,1
DA:99,1
DA:111,2
DA:113,3
DA:116,3
DA:117,2
DA:123,2
DA:124,1
DA:126,2
DA:127,2
LF:50
LH:50
BRDA:13,0,0,1
BRDA:13,0,1,2
BRDA:13,1,0,3
BRDA:13,1,1,2
BRDA:22,2,0,1
BRDA:22,2,1,1
BRDA:38,3,0,1
BRDA:38,3,1,1
BRDA:66,4,0,1
BRDA:66,4,1,1
BRDA:71,5,0,1
BRDA:71,5,1,1
BRDA:73,6,0,1
BRDA:73,6,1,1
BRDA:116,7,0,1
BRDA:116,7,1,2
BRDA:123,8,0,1
BRDA:123,8,1,1
BRF:18
BRH:18
end_of_record
TN:
SF:services\userServices.js
FN:8,(anonymous_0)
FN:35,(anonymous_1)
FN:58,(anonymous_2)
FN:83,(anonymous_3)
FN:110,(anonymous_4)
FNF:5
FNH:5
FNDA:3,(anonymous_0)
FNDA:1,(anonymous_1)
FNDA:2,(anonymous_2)
FNDA:1,(anonymous_3)
FNDA:3,(anonymous_4)
DA:2,2
DA:3,2
DA:4,2
DA:8,2
DA:10,3
DA:16,3
DA:17,1
DA:19,2
DA:25,2
DA:26,1
DA:27,1
DA:31,1
DA:32,2
DA:35,2
DA:36,1
DA:44,1
DA:45,1
DA:46,1
DA:54,1
DA:55,1
DA:58,2
DA:60,2
DA:61,2
DA:62,1
DA:63,1
DA:64,1
DA:66,1
DA:68,2
DA:73,2
DA:79,2
DA:80,2
DA:83,2
DA:84,1
DA:89,1
DA:93,1
DA:94,1
DA:110,2
DA:112,3
DA:117,3
DA:118,1
DA:119,1
DA:121,2
DA:128,2
DA:129,1
DA:130,1
DA:131,1
DA:132,2
LF:47
LH:47
BRDA:16,0,0,1
BRDA:16,0,1,2
BRDA:16,1,0,3
BRDA:16,1,1,2
BRDA:25,2,0,1
BRDA:25,2,1,1
BRDA:61,3,0,1
BRDA:61,3,1,1
BRDA:117,4,0,1
BRDA:117,4,1,2
BRDA:128,5,0,1
BRDA:128,5,1,1
BRF:12
BRH:12
end_of_record
TN:
SF:utilities\catchAsync.js
FN:1,(anonymous_0)
FN:1,(anonymous_1)
FNF:2
FNH:2
FNDA:16,(anonymous_0)
FNDA:18,(anonymous_1)
DA:1,16
DA:2,18
LF:2
LH:2
BRF:0
BRH:0
end_of_record
TN:
SF:utilities\contentNegotiation.js
FN:4,(anonymous_0)
FN:25,(anonymous_1)
FN:28,(anonymous_2)
FN:31,(anonymous_3)
FNF:4
FNH:4
FNDA:5,(anonymous_0)
FNDA:5,(anonymous_1)
FNDA:4,(anonymous_2)
FNDA:2,(anonymous_3)
DA:1,5
DA:2,5
DA:4,5
DA:6,5
DA:7,4
DA:8,5
DA:9,5
DA:11,4
DA:12,4
DA:13,4
DA:14,3
DA:16,1
DA:18,4
DA:19,2
DA:20,4
DA:21,4
DA:22,3
DA:23,2
DA:25,5
DA:26,1
DA:28,4
DA:29,1
DA:31,2
DA:32,1
DA:33,1
DA:36,1
DA:37,1
DA:38,1
LF:28
LH:28
BRDA:13,0,0,3
BRDA:13,0,1,1
BRDA:18,1,0,2
BRDA:18,1,1,2
BRDA:21,2,0,1
BRDA:21,2,1,3
BRDA:22,3,0,1
BRDA:22,3,1,2
BRDA:25,4,0,1
BRDA:25,4,1,3
BRDA:28,5,0,1
BRDA:28,5,1,2
BRDA:28,6,0,3
BRDA:28,6,1,3
BRDA:31,7,0,1
BRDA:31,7,1,1
BRF:16
BRH:16
end_of_record
TN:
SF:utilities\hashString.js
FN:6,(anonymous_0)
FN:11,(anonymous_1)
FNF:2
FNH:2
FNDA:1,(anonymous_0)
FNDA:2,(anonymous_1)
DA:2,4
DA:4,4
DA:6,4
DA:7,1
DA:8,1
DA:11,4
DA:12,2
DA:13,2
DA:15,4
LF:9
LH:9
BRF:0
BRH:0
end_of_record
